{"C:\\Users\\Samsung Desktop\\Desktop\\back-promotor\\src\\controllers\\auth.controller.ts": {"path":"C:\\Users\\Samsung Desktop\\Desktop\\back-promotor\\src\\controllers\\auth.controller.ts","statementMap":{"0":{"start":{"line":2,"column":0},"end":{"line":2,"column":55}},"1":{"start":{"line":4,"column":20},"end":{"line":4,"column":37}},"2":{"start":{"line":8,"column":4},"end":{"line":22,"column":5}},"3":{"start":{"line":9,"column":34},"end":{"line":9,"column":42}},"4":{"start":{"line":11,"column":6},"end":{"line":14,"column":7}},"5":{"start":{"line":12,"column":8},"end":{"line":12,"column":74}},"6":{"start":{"line":13,"column":8},"end":{"line":13,"column":15}},"7":{"start":{"line":16,"column":21},"end":{"line":16,"column":61}},"8":{"start":{"line":17,"column":6},"end":{"line":17,"column":35}},"9":{"start":{"line":19,"column":6},"end":{"line":21,"column":9}},"10":{"start":{"line":26,"column":4},"end":{"line":40,"column":5}},"11":{"start":{"line":27,"column":20},"end":{"line":27,"column":69}},"12":{"start":{"line":29,"column":6},"end":{"line":32,"column":7}},"13":{"start":{"line":30,"column":8},"end":{"line":30,"column":63}},"14":{"start":{"line":31,"column":8},"end":{"line":31,"column":15}},"15":{"start":{"line":34,"column":6},"end":{"line":34,"column":38}},"16":{"start":{"line":35,"column":6},"end":{"line":35,"column":72}},"17":{"start":{"line":37,"column":6},"end":{"line":39,"column":9}},"18":{"start":{"line":44,"column":4},"end":{"line":58,"column":5}},"19":{"start":{"line":45,"column":20},"end":{"line":45,"column":69}},"20":{"start":{"line":47,"column":6},"end":{"line":50,"column":7}},"21":{"start":{"line":48,"column":8},"end":{"line":48,"column":63}},"22":{"start":{"line":49,"column":8},"end":{"line":49,"column":15}},"23":{"start":{"line":52,"column":19},"end":{"line":52,"column":46}},"24":{"start":{"line":53,"column":6},"end":{"line":53,"column":33}},"25":{"start":{"line":55,"column":6},"end":{"line":57,"column":9}},"26":{"start":{"line":6,"column":0},"end":{"line":6,"column":13}}},"fnMap":{"0":{"name":"(anonymous_7)","decl":{"start":{"line":7,"column":8},"end":{"line":7,"column":13}},"loc":{"start":{"line":7,"column":41},"end":{"line":23,"column":null}}},"1":{"name":"(anonymous_9)","decl":{"start":{"line":25,"column":8},"end":{"line":25,"column":14}},"loc":{"start":{"line":25,"column":42},"end":{"line":41,"column":null}}},"2":{"name":"(anonymous_11)","decl":{"start":{"line":43,"column":8},"end":{"line":43,"column":10}},"loc":{"start":{"line":43,"column":38},"end":{"line":59,"column":null}}}},"branchMap":{"0":{"loc":{"start":{"line":11,"column":6},"end":{"line":14,"column":7}},"type":"if","locations":[{"start":{"line":11,"column":6},"end":{"line":14,"column":7}}]},"1":{"loc":{"start":{"line":11,"column":10},"end":{"line":11,"column":29}},"type":"binary-expr","locations":[{"start":{"line":11,"column":10},"end":{"line":11,"column":16}},{"start":{"line":11,"column":20},"end":{"line":11,"column":29}}]},"2":{"loc":{"start":{"line":20,"column":15},"end":{"line":20,"column":69}},"type":"cond-expr","locations":[{"start":{"line":20,"column":40},"end":{"line":20,"column":53}},{"start":{"line":20,"column":56},"end":{"line":20,"column":69}}]},"3":{"loc":{"start":{"line":27,"column":20},"end":{"line":27,"column":69}},"type":"cond-expr","locations":[{"start":{"line":27,"column":45},"end":{"line":27,"column":47}},{"start":{"line":27,"column":45},"end":{"line":27,"column":69}}]},"4":{"loc":{"start":{"line":27,"column":20},"end":{"line":27,"column":47}},"type":"binary-expr","locations":[{"start":{"line":27,"column":20},"end":{"line":27,"column":47}},{"start":{"line":27,"column":45},"end":{"line":27,"column":47}}]},"5":{"loc":{"start":{"line":29,"column":6},"end":{"line":32,"column":7}},"type":"if","locations":[{"start":{"line":29,"column":6},"end":{"line":32,"column":7}}]},"6":{"loc":{"start":{"line":38,"column":15},"end":{"line":38,"column":69}},"type":"cond-expr","locations":[{"start":{"line":38,"column":40},"end":{"line":38,"column":53}},{"start":{"line":38,"column":56},"end":{"line":38,"column":69}}]},"7":{"loc":{"start":{"line":45,"column":20},"end":{"line":45,"column":69}},"type":"cond-expr","locations":[{"start":{"line":45,"column":45},"end":{"line":45,"column":47}},{"start":{"line":45,"column":45},"end":{"line":45,"column":69}}]},"8":{"loc":{"start":{"line":45,"column":20},"end":{"line":45,"column":47}},"type":"binary-expr","locations":[{"start":{"line":45,"column":20},"end":{"line":45,"column":47}},{"start":{"line":45,"column":45},"end":{"line":45,"column":47}}]},"9":{"loc":{"start":{"line":47,"column":6},"end":{"line":50,"column":7}},"type":"if","locations":[{"start":{"line":47,"column":6},"end":{"line":50,"column":7}}]},"10":{"loc":{"start":{"line":56,"column":15},"end":{"line":56,"column":69}},"type":"cond-expr","locations":[{"start":{"line":56,"column":40},"end":{"line":56,"column":53}},{"start":{"line":56,"column":56},"end":{"line":56,"column":69}}]}},"s":{"0":1,"1":1,"2":2,"3":2,"4":2,"5":1,"6":1,"7":1,"8":1,"9":0,"10":0,"11":0,"12":0,"13":0,"14":0,"15":0,"16":0,"17":0,"18":0,"19":0,"20":0,"21":0,"22":0,"23":0,"24":0,"25":0,"26":1},"f":{"0":2,"1":0,"2":0},"b":{"0":[1],"1":[2,1],"2":[0,0],"3":[0,0],"4":[0,0],"5":[0],"6":[0,0],"7":[0,0],"8":[0,0],"9":[0],"10":[0,0]}}
,"C:\\Users\\Samsung Desktop\\Desktop\\back-promotor\\src\\controllers\\jornada.controller.ts": {"path":"C:\\Users\\Samsung Desktop\\Desktop\\back-promotor\\src\\controllers\\jornada.controller.ts","statementMap":{"0":{"start":{"line":2,"column":0},"end":{"line":2,"column":61}},"1":{"start":{"line":3,"column":0},"end":{"line":3,"column":62}},"2":{"start":{"line":4,"column":23},"end":{"line":4,"column":43}},"3":{"start":{"line":9,"column":4},"end":{"line":31,"column":5}},"4":{"start":{"line":10,"column":6},"end":{"line":13,"column":7}},"5":{"start":{"line":11,"column":8},"end":{"line":11,"column":67}},"6":{"start":{"line":12,"column":8},"end":{"line":12,"column":15}},"7":{"start":{"line":15,"column":25},"end":{"line":15,"column":36}},"8":{"start":{"line":17,"column":22},"end":{"line":17,"column":69}},"9":{"start":{"line":20,"column":6},"end":{"line":20,"column":58}},"10":{"start":{"line":22,"column":6},"end":{"line":22,"column":36}},"11":{"start":{"line":24,"column":6},"end":{"line":24,"column":27}},"12":{"start":{"line":25,"column":6},"end":{"line":30,"column":9}},"13":{"start":{"line":36,"column":4},"end":{"line":62,"column":5}},"14":{"start":{"line":37,"column":6},"end":{"line":40,"column":7}},"15":{"start":{"line":38,"column":8},"end":{"line":38,"column":67}},"16":{"start":{"line":39,"column":8},"end":{"line":39,"column":15}},"17":{"start":{"line":42,"column":25},"end":{"line":42,"column":36}},"18":{"start":{"line":44,"column":22},"end":{"line":44,"column":71}},"19":{"start":{"line":47,"column":28},"end":{"line":50,"column":null}},"20":{"start":{"line":53,"column":6},"end":{"line":53,"column":45}},"21":{"start":{"line":55,"column":6},"end":{"line":55,"column":41}},"22":{"start":{"line":56,"column":6},"end":{"line":61,"column":9}},"23":{"start":{"line":68,"column":2},"end":{"line":95,"column":3}},"24":{"start":{"line":69,"column":4},"end":{"line":72,"column":5}},"25":{"start":{"line":70,"column":6},"end":{"line":70,"column":65}},"26":{"start":{"line":71,"column":6},"end":{"line":71,"column":13}},"27":{"start":{"line":74,"column":23},"end":{"line":74,"column":34}},"28":{"start":{"line":76,"column":20},"end":{"line":76,"column":59}},"29":{"start":{"line":78,"column":4},"end":{"line":81,"column":5}},"30":{"start":{"line":79,"column":6},"end":{"line":79,"column":96}},"31":{"start":{"line":80,"column":6},"end":{"line":80,"column":13}},"32":{"start":{"line":84,"column":26},"end":{"line":87,"column":null}},"33":{"start":{"line":90,"column":4},"end":{"line":90,"column":43}},"34":{"start":{"line":92,"column":4},"end":{"line":94,"column":7}},"35":{"start":{"line":101,"column":4},"end":{"line":107,"column":5}},"36":{"start":{"line":102,"column":21},"end":{"line":102,"column":31}},"37":{"start":{"line":103,"column":22},"end":{"line":103,"column":70}},"38":{"start":{"line":104,"column":6},"end":{"line":104,"column":36}},"39":{"start":{"line":106,"column":6},"end":{"line":106,"column":150}},"40":{"start":{"line":112,"column":4},"end":{"line":118,"column":5}},"41":{"start":{"line":113,"column":29},"end":{"line":113,"column":39}},"42":{"start":{"line":114,"column":23},"end":{"line":114,"column":77}},"43":{"start":{"line":115,"column":6},"end":{"line":115,"column":37}},"44":{"start":{"line":117,"column":6},"end":{"line":117,"column":168}},"45":{"start":{"line":123,"column":4},"end":{"line":129,"column":5}},"46":{"start":{"line":124,"column":21},"end":{"line":124,"column":31}},"47":{"start":{"line":125,"column":22},"end":{"line":125,"column":61}},"48":{"start":{"line":126,"column":6},"end":{"line":126,"column":36}},"49":{"start":{"line":128,"column":6},"end":{"line":128,"column":147}},"50":{"start":{"line":134,"column":4},"end":{"line":140,"column":5}},"51":{"start":{"line":135,"column":21},"end":{"line":135,"column":31}},"52":{"start":{"line":136,"column":6},"end":{"line":136,"column":45}},"53":{"start":{"line":137,"column":6},"end":{"line":137,"column":29}},"54":{"start":{"line":139,"column":6},"end":{"line":139,"column":148}},"55":{"start":{"line":6,"column":0},"end":{"line":6,"column":13}}},"fnMap":{"0":{"name":"(anonymous_7)","decl":{"start":{"line":8,"column":8},"end":{"line":8,"column":22}},"loc":{"start":{"line":8,"column":50},"end":{"line":32,"column":null}}},"1":{"name":"(anonymous_9)","decl":{"start":{"line":35,"column":8},"end":{"line":35,"column":24}},"loc":{"start":{"line":35,"column":52},"end":{"line":63,"column":null}}},"2":{"name":"(anonymous_11)","decl":{"start":{"line":67,"column":6},"end":{"line":67,"column":12}},"loc":{"start":{"line":67,"column":40},"end":{"line":96,"column":null}}},"3":{"name":"(anonymous_13)","decl":{"start":{"line":100,"column":8},"end":{"line":100,"column":21}},"loc":{"start":{"line":100,"column":49},"end":{"line":108,"column":null}}},"4":{"name":"(anonymous_15)","decl":{"start":{"line":111,"column":8},"end":{"line":111,"column":29}},"loc":{"start":{"line":111,"column":57},"end":{"line":119,"column":null}}},"5":{"name":"(anonymous_17)","decl":{"start":{"line":122,"column":8},"end":{"line":122,"column":22}},"loc":{"start":{"line":122,"column":50},"end":{"line":130,"column":null}}},"6":{"name":"(anonymous_19)","decl":{"start":{"line":133,"column":8},"end":{"line":133,"column":21}},"loc":{"start":{"line":133,"column":49},"end":{"line":141,"column":null}}}},"branchMap":{"0":{"loc":{"start":{"line":10,"column":6},"end":{"line":13,"column":7}},"type":"if","locations":[{"start":{"line":10,"column":6},"end":{"line":13,"column":7}}]},"1":{"loc":{"start":{"line":27,"column":10},"end":{"line":29,"column":35}},"type":"cond-expr","locations":[{"start":{"line":28,"column":14},"end":{"line":28,"column":27}},{"start":{"line":29,"column":14},"end":{"line":29,"column":35}}]},"2":{"loc":{"start":{"line":37,"column":6},"end":{"line":40,"column":7}},"type":"if","locations":[{"start":{"line":37,"column":6},"end":{"line":40,"column":7}}]},"3":{"loc":{"start":{"line":50,"column":13},"end":{"line":50,"column":75}},"type":"cond-expr","locations":[{"start":{"line":50,"column":27},"end":{"line":50,"column":68}},{"start":{"line":50,"column":71},"end":{"line":50,"column":75}}]},"4":{"loc":{"start":{"line":58,"column":10},"end":{"line":60,"column":35}},"type":"cond-expr","locations":[{"start":{"line":59,"column":14},"end":{"line":59,"column":27}},{"start":{"line":60,"column":14},"end":{"line":60,"column":35}}]},"5":{"loc":{"start":{"line":69,"column":4},"end":{"line":72,"column":5}},"type":"if","locations":[{"start":{"line":69,"column":4},"end":{"line":72,"column":5}}]},"6":{"loc":{"start":{"line":78,"column":4},"end":{"line":81,"column":5}},"type":"if","locations":[{"start":{"line":78,"column":4},"end":{"line":81,"column":5}}]},"7":{"loc":{"start":{"line":87,"column":11},"end":{"line":87,"column":73}},"type":"cond-expr","locations":[{"start":{"line":87,"column":25},"end":{"line":87,"column":66}},{"start":{"line":87,"column":69},"end":{"line":87,"column":73}}]},"8":{"loc":{"start":{"line":93,"column":13},"end":{"line":93,"column":67}},"type":"cond-expr","locations":[{"start":{"line":93,"column":38},"end":{"line":93,"column":51}},{"start":{"line":93,"column":54},"end":{"line":93,"column":67}}]},"9":{"loc":{"start":{"line":106,"column":90},"end":{"line":106,"column":144}},"type":"cond-expr","locations":[{"start":{"line":106,"column":115},"end":{"line":106,"column":128}},{"start":{"line":106,"column":131},"end":{"line":106,"column":144}}]},"10":{"loc":{"start":{"line":117,"column":108},"end":{"line":117,"column":162}},"type":"cond-expr","locations":[{"start":{"line":117,"column":133},"end":{"line":117,"column":146}},{"start":{"line":117,"column":149},"end":{"line":117,"column":162}}]},"11":{"loc":{"start":{"line":128,"column":87},"end":{"line":128,"column":141}},"type":"cond-expr","locations":[{"start":{"line":128,"column":112},"end":{"line":128,"column":125}},{"start":{"line":128,"column":128},"end":{"line":128,"column":141}}]},"12":{"loc":{"start":{"line":139,"column":88},"end":{"line":139,"column":142}},"type":"cond-expr","locations":[{"start":{"line":139,"column":113},"end":{"line":139,"column":126}},{"start":{"line":139,"column":129},"end":{"line":139,"column":142}}]}},"s":{"0":1,"1":1,"2":1,"3":2,"4":2,"5":1,"6":1,"7":1,"8":1,"9":1,"10":1,"11":0,"12":0,"13":0,"14":0,"15":0,"16":0,"17":0,"18":0,"19":0,"20":0,"21":0,"22":0,"23":0,"24":0,"25":0,"26":0,"27":0,"28":0,"29":0,"30":0,"31":0,"32":0,"33":0,"34":0,"35":0,"36":0,"37":0,"38":0,"39":0,"40":0,"41":0,"42":0,"43":0,"44":0,"45":0,"46":0,"47":0,"48":0,"49":0,"50":0,"51":0,"52":0,"53":0,"54":0,"55":1},"f":{"0":2,"1":0,"2":0,"3":0,"4":0,"5":0,"6":0},"b":{"0":[1],"1":[0,0],"2":[0],"3":[0,0],"4":[0,0],"5":[0],"6":[0],"7":[0,0],"8":[0,0],"9":[0,0],"10":[0,0],"11":[0,0],"12":[0,0]}}
,"C:\\Users\\Samsung Desktop\\Desktop\\back-promotor\\src\\controllers\\lead.controller.ts": {"path":"C:\\Users\\Samsung Desktop\\Desktop\\back-promotor\\src\\controllers\\lead.controller.ts","statementMap":{"0":{"start":{"line":2,"column":0},"end":{"line":2,"column":55}},"1":{"start":{"line":3,"column":0},"end":{"line":3,"column":62}},"2":{"start":{"line":6,"column":20},"end":{"line":6,"column":37}},"3":{"start":{"line":11,"column":4},"end":{"line":26,"column":5}},"4":{"start":{"line":12,"column":25},"end":{"line":12,"column":37}},"5":{"start":{"line":13,"column":19},"end":{"line":13,"column":69}},"6":{"start":{"line":16,"column":25},"end":{"line":18,"column":null}},"7":{"start":{"line":21,"column":6},"end":{"line":21,"column":42}},"8":{"start":{"line":23,"column":6},"end":{"line":25,"column":9}},"9":{"start":{"line":31,"column":4},"end":{"line":49,"column":5}},"10":{"start":{"line":32,"column":25},"end":{"line":32,"column":37}},"11":{"start":{"line":33,"column":21},"end":{"line":33,"column":31}},"12":{"start":{"line":34,"column":19},"end":{"line":34,"column":73}},"13":{"start":{"line":37,"column":25},"end":{"line":39,"column":null}},"14":{"start":{"line":42,"column":6},"end":{"line":42,"column":42}},"15":{"start":{"line":44,"column":6},"end":{"line":48,"column":9}},"16":{"start":{"line":54,"column":4},"end":{"line":71,"column":5}},"17":{"start":{"line":55,"column":25},"end":{"line":55,"column":37}},"18":{"start":{"line":56,"column":20},"end":{"line":56,"column":68}},"19":{"start":{"line":59,"column":30},"end":{"line":62,"column":9}},"20":{"start":{"line":59,"column":50},"end":{"line":61,"column":null}},"21":{"start":{"line":64,"column":6},"end":{"line":64,"column":44}},"22":{"start":{"line":66,"column":6},"end":{"line":70,"column":9}},"23":{"start":{"line":74,"column":2},"end":{"line":88,"column":3}},"24":{"start":{"line":75,"column":25},"end":{"line":75,"column":37}},"25":{"start":{"line":76,"column":31},"end":{"line":76,"column":41}},"26":{"start":{"line":78,"column":18},"end":{"line":80,"column":null}},"27":{"start":{"line":83,"column":4},"end":{"line":83,"column":20}},"28":{"start":{"line":85,"column":4},"end":{"line":87,"column":7}},"29":{"start":{"line":91,"column":2},"end":{"line":101,"column":3}},"30":{"start":{"line":92,"column":25},"end":{"line":92,"column":37}},"31":{"start":{"line":94,"column":18},"end":{"line":94,"column":73}},"32":{"start":{"line":96,"column":4},"end":{"line":96,"column":20}},"33":{"start":{"line":98,"column":4},"end":{"line":100,"column":7}},"34":{"start":{"line":105,"column":2},"end":{"line":119,"column":3}},"35":{"start":{"line":106,"column":25},"end":{"line":106,"column":37}},"36":{"start":{"line":107,"column":19},"end":{"line":107,"column":29}},"37":{"start":{"line":109,"column":17},"end":{"line":111,"column":null}},"38":{"start":{"line":114,"column":4},"end":{"line":114,"column":19}},"39":{"start":{"line":116,"column":4},"end":{"line":118,"column":7}},"40":{"start":{"line":126,"column":4},"end":{"line":144,"column":5}},"41":{"start":{"line":127,"column":25},"end":{"line":127,"column":37}},"42":{"start":{"line":128,"column":21},"end":{"line":128,"column":31}},"43":{"start":{"line":129,"column":19},"end":{"line":129,"column":64}},"44":{"start":{"line":132,"column":25},"end":{"line":134,"column":null}},"45":{"start":{"line":137,"column":6},"end":{"line":137,"column":42}},"46":{"start":{"line":139,"column":6},"end":{"line":143,"column":9}},"47":{"start":{"line":149,"column":2},"end":{"line":160,"column":3}},"48":{"start":{"line":150,"column":23},"end":{"line":150,"column":35}},"49":{"start":{"line":151,"column":19},"end":{"line":151,"column":29}},"50":{"start":{"line":152,"column":4},"end":{"line":152,"column":49}},"51":{"start":{"line":153,"column":4},"end":{"line":153,"column":85}},"52":{"start":{"line":155,"column":4},"end":{"line":159,"column":7}},"53":{"start":{"line":8,"column":0},"end":{"line":8,"column":13}}},"fnMap":{"0":{"name":"(anonymous_7)","decl":{"start":{"line":10,"column":8},"end":{"line":10,"column":18}},"loc":{"start":{"line":10,"column":46},"end":{"line":27,"column":null}}},"1":{"name":"(anonymous_9)","decl":{"start":{"line":30,"column":8},"end":{"line":30,"column":18}},"loc":{"start":{"line":30,"column":46},"end":{"line":50,"column":null}}},"2":{"name":"(anonymous_11)","decl":{"start":{"line":53,"column":8},"end":{"line":53,"column":26}},"loc":{"start":{"line":53,"column":54},"end":{"line":72,"column":null}}},"3":{"name":"(anonymous_13)","decl":{"start":{"line":59,"column":40},"end":{"line":59,"column":41}},"loc":{"start":{"line":59,"column":50},"end":{"line":61,"column":null}}},"4":{"name":"(anonymous_14)","decl":{"start":{"line":73,"column":6},"end":{"line":73,"column":34}},"loc":{"start":{"line":73,"column":62},"end":{"line":89,"column":null}}},"5":{"name":"(anonymous_16)","decl":{"start":{"line":90,"column":6},"end":{"line":90,"column":29}},"loc":{"start":{"line":90,"column":57},"end":{"line":102,"column":null}}},"6":{"name":"(anonymous_18)","decl":{"start":{"line":104,"column":6},"end":{"line":104,"column":27}},"loc":{"start":{"line":104,"column":55},"end":{"line":120,"column":null}}},"7":{"name":"(anonymous_20)","decl":{"start":{"line":125,"column":8},"end":{"line":125,"column":19}},"loc":{"start":{"line":125,"column":47},"end":{"line":145,"column":null}}},"8":{"name":"(anonymous_22)","decl":{"start":{"line":148,"column":6},"end":{"line":148,"column":16}},"loc":{"start":{"line":148,"column":44},"end":{"line":161,"column":null}}}},"branchMap":{"0":{"loc":{"start":{"line":24,"column":15},"end":{"line":24,"column":69}},"type":"cond-expr","locations":[{"start":{"line":24,"column":40},"end":{"line":24,"column":53}},{"start":{"line":24,"column":56},"end":{"line":24,"column":69}}]},"1":{"loc":{"start":{"line":46,"column":10},"end":{"line":46,"column":null}},"type":"cond-expr","locations":[{"start":{"line":46,"column":35},"end":{"line":46,"column":48}},{"start":{"line":46,"column":51},"end":{"line":46,"column":null}}]},"2":{"loc":{"start":{"line":68,"column":10},"end":{"line":68,"column":null}},"type":"cond-expr","locations":[{"start":{"line":68,"column":35},"end":{"line":68,"column":48}},{"start":{"line":68,"column":51},"end":{"line":68,"column":null}}]},"3":{"loc":{"start":{"line":86,"column":13},"end":{"line":86,"column":67}},"type":"cond-expr","locations":[{"start":{"line":86,"column":38},"end":{"line":86,"column":51}},{"start":{"line":86,"column":54},"end":{"line":86,"column":67}}]},"4":{"loc":{"start":{"line":99,"column":13},"end":{"line":99,"column":67}},"type":"cond-expr","locations":[{"start":{"line":99,"column":38},"end":{"line":99,"column":51}},{"start":{"line":99,"column":54},"end":{"line":99,"column":67}}]},"5":{"loc":{"start":{"line":117,"column":13},"end":{"line":117,"column":67}},"type":"cond-expr","locations":[{"start":{"line":117,"column":38},"end":{"line":117,"column":51}},{"start":{"line":117,"column":54},"end":{"line":117,"column":67}}]},"6":{"loc":{"start":{"line":141,"column":10},"end":{"line":141,"column":null}},"type":"cond-expr","locations":[{"start":{"line":141,"column":35},"end":{"line":141,"column":48}},{"start":{"line":141,"column":51},"end":{"line":141,"column":null}}]},"7":{"loc":{"start":{"line":157,"column":8},"end":{"line":157,"column":null}},"type":"cond-expr","locations":[{"start":{"line":157,"column":33},"end":{"line":157,"column":46}},{"start":{"line":157,"column":49},"end":{"line":157,"column":null}}]}},"s":{"0":1,"1":1,"2":1,"3":1,"4":1,"5":1,"6":1,"7":1,"8":0,"9":0,"10":0,"11":0,"12":0,"13":0,"14":0,"15":0,"16":0,"17":0,"18":0,"19":0,"20":0,"21":0,"22":0,"23":0,"24":0,"25":0,"26":0,"27":0,"28":0,"29":0,"30":0,"31":0,"32":0,"33":0,"34":0,"35":0,"36":0,"37":0,"38":0,"39":0,"40":0,"41":0,"42":0,"43":0,"44":0,"45":0,"46":0,"47":0,"48":0,"49":0,"50":0,"51":0,"52":0,"53":1},"f":{"0":1,"1":0,"2":0,"3":0,"4":0,"5":0,"6":0,"7":0,"8":0},"b":{"0":[0,0],"1":[0,0],"2":[0,0],"3":[0,0],"4":[0,0],"5":[0,0],"6":[0,0],"7":[0,0]}}
,"C:\\Users\\Samsung Desktop\\Desktop\\back-promotor\\src\\controllers\\localizacao.controller.ts": {"path":"C:\\Users\\Samsung Desktop\\Desktop\\back-promotor\\src\\controllers\\localizacao.controller.ts","statementMap":{"0":{"start":{"line":2,"column":0},"end":{"line":2,"column":69}},"1":{"start":{"line":3,"column":0},"end":{"line":3,"column":62}},"2":{"start":{"line":4,"column":27},"end":{"line":4,"column":51}},"3":{"start":{"line":9,"column":2},"end":{"line":40,"column":3}},"4":{"start":{"line":10,"column":4},"end":{"line":13,"column":5}},"5":{"start":{"line":11,"column":6},"end":{"line":11,"column":65}},"6":{"start":{"line":12,"column":6},"end":{"line":12,"column":13}},"7":{"start":{"line":15,"column":36},"end":{"line":15,"column":44}},"8":{"start":{"line":17,"column":4},"end":{"line":20,"column":5}},"9":{"start":{"line":18,"column":6},"end":{"line":18,"column":72}},"10":{"start":{"line":19,"column":6},"end":{"line":19,"column":13}},"11":{"start":{"line":22,"column":23},"end":{"line":22,"column":34}},"12":{"start":{"line":24,"column":21},"end":{"line":27,"column":null}},"13":{"start":{"line":31,"column":4},"end":{"line":34,"column":7}},"14":{"start":{"line":37,"column":4},"end":{"line":39,"column":7}},"15":{"start":{"line":47,"column":4},"end":{"line":53,"column":5}},"16":{"start":{"line":48,"column":29},"end":{"line":48,"column":39}},"17":{"start":{"line":49,"column":23},"end":{"line":49,"column":88}},"18":{"start":{"line":50,"column":6},"end":{"line":50,"column":37}},"19":{"start":{"line":52,"column":6},"end":{"line":52,"column":178}},"20":{"start":{"line":58,"column":4},"end":{"line":64,"column":5}},"21":{"start":{"line":59,"column":29},"end":{"line":59,"column":39}},"22":{"start":{"line":60,"column":24},"end":{"line":60,"column":95}},"23":{"start":{"line":61,"column":6},"end":{"line":61,"column":38}},"24":{"start":{"line":63,"column":6},"end":{"line":63,"column":185}},"25":{"start":{"line":6,"column":0},"end":{"line":6,"column":13}}},"fnMap":{"0":{"name":"(anonymous_7)","decl":{"start":{"line":8,"column":7},"end":{"line":8,"column":23}},"loc":{"start":{"line":8,"column":51},"end":{"line":41,"column":null}}},"1":{"name":"(anonymous_9)","decl":{"start":{"line":46,"column":8},"end":{"line":46,"column":23}},"loc":{"start":{"line":46,"column":51},"end":{"line":54,"column":null}}},"2":{"name":"(anonymous_11)","decl":{"start":{"line":57,"column":8},"end":{"line":57,"column":26}},"loc":{"start":{"line":57,"column":54},"end":{"line":65,"column":null}}}},"branchMap":{"0":{"loc":{"start":{"line":10,"column":4},"end":{"line":13,"column":5}},"type":"if","locations":[{"start":{"line":10,"column":4},"end":{"line":13,"column":5}}]},"1":{"loc":{"start":{"line":17,"column":4},"end":{"line":20,"column":5}},"type":"if","locations":[{"start":{"line":17,"column":4},"end":{"line":20,"column":5}}]},"2":{"loc":{"start":{"line":17,"column":8},"end":{"line":17,"column":69}},"type":"binary-expr","locations":[{"start":{"line":17,"column":8},"end":{"line":17,"column":36}},{"start":{"line":17,"column":40},"end":{"line":17,"column":69}}]},"3":{"loc":{"start":{"line":38,"column":13},"end":{"line":38,"column":67}},"type":"cond-expr","locations":[{"start":{"line":38,"column":38},"end":{"line":38,"column":51}},{"start":{"line":38,"column":54},"end":{"line":38,"column":67}}]},"4":{"loc":{"start":{"line":52,"column":118},"end":{"line":52,"column":172}},"type":"cond-expr","locations":[{"start":{"line":52,"column":143},"end":{"line":52,"column":156}},{"start":{"line":52,"column":159},"end":{"line":52,"column":172}}]},"5":{"loc":{"start":{"line":63,"column":125},"end":{"line":63,"column":179}},"type":"cond-expr","locations":[{"start":{"line":63,"column":150},"end":{"line":63,"column":163}},{"start":{"line":63,"column":166},"end":{"line":63,"column":179}}]}},"s":{"0":1,"1":1,"2":1,"3":1,"4":1,"5":0,"6":0,"7":1,"8":1,"9":0,"10":0,"11":1,"12":1,"13":1,"14":0,"15":0,"16":0,"17":0,"18":0,"19":0,"20":0,"21":0,"22":0,"23":0,"24":0,"25":1},"f":{"0":1,"1":0,"2":0},"b":{"0":[0],"1":[0],"2":[1,1],"3":[0,0],"4":[0,0],"5":[0,0]}}
,"C:\\Users\\Samsung Desktop\\Desktop\\back-promotor\\src\\controllers\\promotor.controller.ts": {"path":"C:\\Users\\Samsung Desktop\\Desktop\\back-promotor\\src\\controllers\\promotor.controller.ts","statementMap":{"0":{"start":{"line":2,"column":0},"end":{"line":2,"column":63}},"1":{"start":{"line":4,"column":24},"end":{"line":4,"column":45}},"2":{"start":{"line":9,"column":4},"end":{"line":14,"column":5}},"3":{"start":{"line":10,"column":25},"end":{"line":10,"column":65}},"4":{"start":{"line":11,"column":6},"end":{"line":11,"column":39}},"5":{"start":{"line":13,"column":6},"end":{"line":13,"column":94}},"6":{"start":{"line":18,"column":4},"end":{"line":29,"column":5}},"7":{"start":{"line":19,"column":27},"end":{"line":19,"column":39}},"8":{"start":{"line":22,"column":8},"end":{"line":22,"column":69}},"9":{"start":{"line":24,"column":6},"end":{"line":24,"column":39}},"10":{"start":{"line":26,"column":6},"end":{"line":28,"column":9}},"11":{"start":{"line":35,"column":4},"end":{"line":52,"column":5}},"12":{"start":{"line":36,"column":21},"end":{"line":36,"column":31}},"13":{"start":{"line":37,"column":27},"end":{"line":37,"column":39}},"14":{"start":{"line":39,"column":23},"end":{"line":39,"column":64}},"15":{"start":{"line":42,"column":6},"end":{"line":45,"column":7}},"16":{"start":{"line":43,"column":8},"end":{"line":43,"column":73}},"17":{"start":{"line":44,"column":8},"end":{"line":44,"column":15}},"18":{"start":{"line":47,"column":6},"end":{"line":47,"column":37}},"19":{"start":{"line":49,"column":6},"end":{"line":51,"column":9}},"20":{"start":{"line":56,"column":4},"end":{"line":62,"column":5}},"21":{"start":{"line":57,"column":27},"end":{"line":57,"column":35}},"22":{"start":{"line":58,"column":26},"end":{"line":58,"column":76}},"23":{"start":{"line":59,"column":6},"end":{"line":59,"column":40}},"24":{"start":{"line":61,"column":6},"end":{"line":61,"column":94}},"25":{"start":{"line":66,"column":19},"end":{"line":66,"column":29}},"26":{"start":{"line":67,"column":25},"end":{"line":67,"column":37}},"27":{"start":{"line":69,"column":21},"end":{"line":69,"column":62}},"28":{"start":{"line":71,"column":4},"end":{"line":74,"column":5}},"29":{"start":{"line":72,"column":6},"end":{"line":72,"column":55}},"30":{"start":{"line":73,"column":6},"end":{"line":73,"column":13}},"31":{"start":{"line":76,"column":4},"end":{"line":76,"column":55}},"32":{"start":{"line":77,"column":4},"end":{"line":77,"column":61}},"33":{"start":{"line":82,"column":4},"end":{"line":89,"column":5}},"34":{"start":{"line":83,"column":21},"end":{"line":83,"column":31}},"35":{"start":{"line":84,"column":27},"end":{"line":84,"column":35}},"36":{"start":{"line":85,"column":6},"end":{"line":85,"column":65}},"37":{"start":{"line":86,"column":6},"end":{"line":86,"column":78}},"38":{"start":{"line":88,"column":6},"end":{"line":88,"column":94}},"39":{"start":{"line":94,"column":19},"end":{"line":94,"column":29}},"40":{"start":{"line":95,"column":25},"end":{"line":95,"column":37}},"41":{"start":{"line":97,"column":21},"end":{"line":97,"column":62}},"42":{"start":{"line":99,"column":4},"end":{"line":102,"column":5}},"43":{"start":{"line":100,"column":6},"end":{"line":100,"column":55}},"44":{"start":{"line":101,"column":6},"end":{"line":101,"column":13}},"45":{"start":{"line":104,"column":4},"end":{"line":104,"column":45}},"46":{"start":{"line":105,"column":4},"end":{"line":105,"column":59}},"47":{"start":{"line":6,"column":0},"end":{"line":6,"column":13}}},"fnMap":{"0":{"name":"(anonymous_7)","decl":{"start":{"line":8,"column":8},"end":{"line":8,"column":24}},"loc":{"start":{"line":8,"column":52},"end":{"line":15,"column":null}}},"1":{"name":"(anonymous_9)","decl":{"start":{"line":17,"column":8},"end":{"line":17,"column":33}},"loc":{"start":{"line":17,"column":61},"end":{"line":30,"column":null}}},"2":{"name":"(anonymous_11)","decl":{"start":{"line":34,"column":8},"end":{"line":34,"column":23}},"loc":{"start":{"line":34,"column":51},"end":{"line":53,"column":null}}},"3":{"name":"(anonymous_13)","decl":{"start":{"line":55,"column":8},"end":{"line":55,"column":22}},"loc":{"start":{"line":55,"column":50},"end":{"line":63,"column":null}}},"4":{"name":"(anonymous_15)","decl":{"start":{"line":65,"column":8},"end":{"line":65,"column":22}},"loc":{"start":{"line":65,"column":50},"end":{"line":78,"column":null}}},"5":{"name":"(anonymous_17)","decl":{"start":{"line":81,"column":8},"end":{"line":81,"column":30}},"loc":{"start":{"line":81,"column":58},"end":{"line":90,"column":null}}},"6":{"name":"(anonymous_19)","decl":{"start":{"line":93,"column":8},"end":{"line":93,"column":22}},"loc":{"start":{"line":93,"column":50},"end":{"line":106,"column":null}}}},"branchMap":{"0":{"loc":{"start":{"line":13,"column":36},"end":{"line":13,"column":90}},"type":"cond-expr","locations":[{"start":{"line":13,"column":61},"end":{"line":13,"column":74}},{"start":{"line":13,"column":77},"end":{"line":13,"column":90}}]},"1":{"loc":{"start":{"line":27,"column":15},"end":{"line":27,"column":69}},"type":"cond-expr","locations":[{"start":{"line":27,"column":40},"end":{"line":27,"column":53}},{"start":{"line":27,"column":56},"end":{"line":27,"column":69}}]},"2":{"loc":{"start":{"line":42,"column":6},"end":{"line":45,"column":7}},"type":"if","locations":[{"start":{"line":42,"column":6},"end":{"line":45,"column":7}}]},"3":{"loc":{"start":{"line":50,"column":15},"end":{"line":50,"column":69}},"type":"cond-expr","locations":[{"start":{"line":50,"column":40},"end":{"line":50,"column":53}},{"start":{"line":50,"column":56},"end":{"line":50,"column":69}}]},"4":{"loc":{"start":{"line":61,"column":36},"end":{"line":61,"column":90}},"type":"cond-expr","locations":[{"start":{"line":61,"column":61},"end":{"line":61,"column":74}},{"start":{"line":61,"column":77},"end":{"line":61,"column":90}}]},"5":{"loc":{"start":{"line":71,"column":4},"end":{"line":74,"column":5}},"type":"if","locations":[{"start":{"line":71,"column":4},"end":{"line":74,"column":5}}]},"6":{"loc":{"start":{"line":88,"column":36},"end":{"line":88,"column":90}},"type":"cond-expr","locations":[{"start":{"line":88,"column":61},"end":{"line":88,"column":74}},{"start":{"line":88,"column":77},"end":{"line":88,"column":90}}]},"7":{"loc":{"start":{"line":99,"column":4},"end":{"line":102,"column":5}},"type":"if","locations":[{"start":{"line":99,"column":4},"end":{"line":102,"column":5}}]}},"s":{"0":1,"1":1,"2":1,"3":1,"4":1,"5":0,"6":0,"7":0,"8":0,"9":0,"10":0,"11":0,"12":0,"13":0,"14":0,"15":0,"16":0,"17":0,"18":0,"19":0,"20":0,"21":0,"22":0,"23":0,"24":0,"25":0,"26":0,"27":0,"28":0,"29":0,"30":0,"31":0,"32":0,"33":0,"34":0,"35":0,"36":0,"37":0,"38":0,"39":0,"40":0,"41":0,"42":0,"43":0,"44":0,"45":0,"46":0,"47":1},"f":{"0":1,"1":0,"2":0,"3":0,"4":0,"5":0,"6":0},"b":{"0":[0,0],"1":[0,0],"2":[0],"3":[0,0],"4":[0,0],"5":[0],"6":[0,0],"7":[0]}}
,"C:\\Users\\Samsung Desktop\\Desktop\\back-promotor\\src\\controllers\\supervisor.controller.ts": {"path":"C:\\Users\\Samsung Desktop\\Desktop\\back-promotor\\src\\controllers\\supervisor.controller.ts","statementMap":{"0":{"start":{"line":2,"column":0},"end":{"line":2,"column":63}},"1":{"start":{"line":4,"column":26},"end":{"line":4,"column":49}},"2":{"start":{"line":10,"column":4},"end":{"line":15,"column":5}},"3":{"start":{"line":11,"column":28},"end":{"line":11,"column":70}},"4":{"start":{"line":12,"column":6},"end":{"line":12,"column":42}},"5":{"start":{"line":14,"column":6},"end":{"line":14,"column":94}},"6":{"start":{"line":20,"column":4},"end":{"line":25,"column":5}},"7":{"start":{"line":21,"column":26},"end":{"line":21,"column":69}},"8":{"start":{"line":22,"column":6},"end":{"line":22,"column":40}},"9":{"start":{"line":24,"column":6},"end":{"line":24,"column":94}},"10":{"start":{"line":30,"column":4},"end":{"line":36,"column":5}},"11":{"start":{"line":31,"column":21},"end":{"line":31,"column":31}},"12":{"start":{"line":32,"column":25},"end":{"line":32,"column":70}},"13":{"start":{"line":33,"column":6},"end":{"line":33,"column":39}},"14":{"start":{"line":35,"column":6},"end":{"line":35,"column":94}},"15":{"start":{"line":41,"column":4},"end":{"line":47,"column":5}},"16":{"start":{"line":42,"column":29},"end":{"line":42,"column":37}},"17":{"start":{"line":43,"column":28},"end":{"line":43,"column":84}},"18":{"start":{"line":44,"column":6},"end":{"line":44,"column":42}},"19":{"start":{"line":46,"column":6},"end":{"line":46,"column":94}},"20":{"start":{"line":52,"column":4},"end":{"line":59,"column":5}},"21":{"start":{"line":53,"column":21},"end":{"line":53,"column":31}},"22":{"start":{"line":54,"column":29},"end":{"line":54,"column":37}},"23":{"start":{"line":55,"column":32},"end":{"line":55,"column":92}},"24":{"start":{"line":56,"column":6},"end":{"line":56,"column":46}},"25":{"start":{"line":58,"column":6},"end":{"line":58,"column":94}},"26":{"start":{"line":64,"column":4},"end":{"line":70,"column":5}},"27":{"start":{"line":65,"column":21},"end":{"line":65,"column":31}},"28":{"start":{"line":66,"column":6},"end":{"line":66,"column":51}},"29":{"start":{"line":67,"column":6},"end":{"line":67,"column":75}},"30":{"start":{"line":69,"column":6},"end":{"line":69,"column":94}},"31":{"start":{"line":6,"column":0},"end":{"line":6,"column":13}}},"fnMap":{"0":{"name":"(anonymous_8)","decl":{"start":{"line":9,"column":8},"end":{"line":9,"column":24}},"loc":{"start":{"line":9,"column":52},"end":{"line":16,"column":null}}},"1":{"name":"(anonymous_10)","decl":{"start":{"line":19,"column":8},"end":{"line":19,"column":25}},"loc":{"start":{"line":19,"column":53},"end":{"line":26,"column":null}}},"2":{"name":"(anonymous_12)","decl":{"start":{"line":29,"column":8},"end":{"line":29,"column":25}},"loc":{"start":{"line":29,"column":53},"end":{"line":37,"column":null}}},"3":{"name":"(anonymous_14)","decl":{"start":{"line":40,"column":8},"end":{"line":40,"column":24}},"loc":{"start":{"line":40,"column":52},"end":{"line":48,"column":null}}},"4":{"name":"(anonymous_16)","decl":{"start":{"line":51,"column":8},"end":{"line":51,"column":24}},"loc":{"start":{"line":51,"column":52},"end":{"line":60,"column":null}}},"5":{"name":"(anonymous_18)","decl":{"start":{"line":63,"column":8},"end":{"line":63,"column":24}},"loc":{"start":{"line":63,"column":52},"end":{"line":71,"column":null}}}},"branchMap":{"0":{"loc":{"start":{"line":14,"column":36},"end":{"line":14,"column":90}},"type":"cond-expr","locations":[{"start":{"line":14,"column":61},"end":{"line":14,"column":74}},{"start":{"line":14,"column":77},"end":{"line":14,"column":90}}]},"1":{"loc":{"start":{"line":24,"column":36},"end":{"line":24,"column":90}},"type":"cond-expr","locations":[{"start":{"line":24,"column":61},"end":{"line":24,"column":74}},{"start":{"line":24,"column":77},"end":{"line":24,"column":90}}]},"2":{"loc":{"start":{"line":35,"column":36},"end":{"line":35,"column":90}},"type":"cond-expr","locations":[{"start":{"line":35,"column":61},"end":{"line":35,"column":74}},{"start":{"line":35,"column":77},"end":{"line":35,"column":90}}]},"3":{"loc":{"start":{"line":46,"column":36},"end":{"line":46,"column":90}},"type":"cond-expr","locations":[{"start":{"line":46,"column":61},"end":{"line":46,"column":74}},{"start":{"line":46,"column":77},"end":{"line":46,"column":90}}]},"4":{"loc":{"start":{"line":58,"column":36},"end":{"line":58,"column":90}},"type":"cond-expr","locations":[{"start":{"line":58,"column":61},"end":{"line":58,"column":74}},{"start":{"line":58,"column":77},"end":{"line":58,"column":90}}]},"5":{"loc":{"start":{"line":69,"column":36},"end":{"line":69,"column":90}},"type":"cond-expr","locations":[{"start":{"line":69,"column":61},"end":{"line":69,"column":74}},{"start":{"line":69,"column":77},"end":{"line":69,"column":90}}]}},"s":{"0":1,"1":1,"2":1,"3":1,"4":1,"5":0,"6":0,"7":0,"8":0,"9":0,"10":0,"11":0,"12":0,"13":0,"14":0,"15":0,"16":0,"17":0,"18":0,"19":0,"20":0,"21":0,"22":0,"23":0,"24":0,"25":0,"26":0,"27":0,"28":0,"29":0,"30":0,"31":1},"f":{"0":1,"1":0,"2":0,"3":0,"4":0,"5":0},"b":{"0":[0,0],"1":[0,0],"2":[0,0],"3":[0,0],"4":[0,0],"5":[0,0]}}
,"C:\\Users\\Samsung Desktop\\Desktop\\back-promotor\\src\\services\\auth.service.ts": {"path":"C:\\Users\\Samsung Desktop\\Desktop\\back-promotor\\src\\services\\auth.service.ts","statementMap":{"0":{"start":{"line":1,"column":0},"end":{"line":1,"column":42}},"1":{"start":{"line":5,"column":28},"end":{"line":8,"column":6}},"2":{"start":{"line":10,"column":4},"end":{"line":12,"column":5}},"3":{"start":{"line":11,"column":6},"end":{"line":11,"column":50}},"4":{"start":{"line":14,"column":4},"end":{"line":22,"column":6}},"5":{"start":{"line":26,"column":22},"end":{"line":28,"column":6}},"6":{"start":{"line":30,"column":4},"end":{"line":32,"column":5}},"7":{"start":{"line":31,"column":6},"end":{"line":31,"column":49}},"8":{"start":{"line":35,"column":28},"end":{"line":35,"column":62}},"9":{"start":{"line":37,"column":4},"end":{"line":39,"column":5}},"10":{"start":{"line":38,"column":6},"end":{"line":38,"column":49}},"11":{"start":{"line":41,"column":4},"end":{"line":44,"column":6}},"12":{"start":{"line":3,"column":0},"end":{"line":3,"column":13}}},"fnMap":{"0":{"name":"(anonymous_8)","decl":{"start":{"line":4,"column":8},"end":{"line":4,"column":13}},"loc":{"start":{"line":4,"column":45},"end":{"line":23,"column":null}}},"1":{"name":"(anonymous_10)","decl":{"start":{"line":25,"column":8},"end":{"line":25,"column":14}},"loc":{"start":{"line":25,"column":28},"end":{"line":33,"column":null}}},"2":{"name":"(anonymous_12)","decl":{"start":{"line":34,"column":8},"end":{"line":34,"column":10}},"loc":{"start":{"line":34,"column":24},"end":{"line":45,"column":null}}}},"branchMap":{"0":{"loc":{"start":{"line":10,"column":4},"end":{"line":12,"column":5}},"type":"if","locations":[{"start":{"line":10,"column":4},"end":{"line":12,"column":5}}]},"1":{"loc":{"start":{"line":10,"column":8},"end":{"line":10,"column":30}},"type":"binary-expr","locations":[{"start":{"line":10,"column":8},"end":{"line":10,"column":13}},{"start":{"line":10,"column":17},"end":{"line":10,"column":30}}]},"2":{"loc":{"start":{"line":30,"column":4},"end":{"line":32,"column":5}},"type":"if","locations":[{"start":{"line":30,"column":4},"end":{"line":32,"column":5}}]},"3":{"loc":{"start":{"line":37,"column":4},"end":{"line":39,"column":5}},"type":"if","locations":[{"start":{"line":37,"column":4},"end":{"line":39,"column":5}}]},"4":{"loc":{"start":{"line":37,"column":8},"end":{"line":37,"column":27}},"type":"binary-expr","locations":[{"start":{"line":37,"column":8},"end":{"line":37,"column":13}},{"start":{"line":37,"column":17},"end":{"line":37,"column":27}}]}},"s":{"0":1,"1":1,"2":1,"3":0,"4":1,"5":1,"6":1,"7":0,"8":1,"9":1,"10":0,"11":1,"12":1},"f":{"0":1,"1":1,"2":1},"b":{"0":[0],"1":[1,1],"2":[0],"3":[0],"4":[1,1]}}
,"C:\\Users\\Samsung Desktop\\Desktop\\back-promotor\\src\\services\\date.service.ts": {"path":"C:\\Users\\Samsung Desktop\\Desktop\\back-promotor\\src\\services\\date.service.ts","statementMap":{"0":{"start":{"line":1,"column":0},"end":{"line":1,"column":16}},"1":{"start":{"line":2,"column":2},"end":{"line":4,"column":5}}},"fnMap":{"0":{"name":"formatarParaBrasil","decl":{"start":{"line":1,"column":16},"end":{"line":1,"column":34}},"loc":{"start":{"line":1,"column":54},"end":{"line":5,"column":1}}}},"branchMap":{},"s":{"0":4,"1":4},"f":{"0":4},"b":{}}
,"C:\\Users\\Samsung Desktop\\Desktop\\back-promotor\\src\\services\\jornada.service.ts": {"path":"C:\\Users\\Samsung Desktop\\Desktop\\back-promotor\\src\\services\\jornada.service.ts","statementMap":{"0":{"start":{"line":1,"column":0},"end":{"line":1,"column":76}},"1":{"start":{"line":9,"column":6},"end":{"line":9,"column":66}},"2":{"start":{"line":11,"column":4},"end":{"line":13,"column":5}},"3":{"start":{"line":12,"column":6},"end":{"line":12,"column":53}},"4":{"start":{"line":16,"column":4},"end":{"line":19,"column":7}},"5":{"start":{"line":26,"column":4},"end":{"line":26,"column":64}},"6":{"start":{"line":28,"column":2},"end":{"line":30,"column":3}},"7":{"start":{"line":29,"column":4},"end":{"line":29,"column":67}},"8":{"start":{"line":33,"column":2},"end":{"line":33,"column":76}},"9":{"start":{"line":38,"column":2},"end":{"line":52,"column":3}},"10":{"start":{"line":39,"column":25},"end":{"line":39,"column":77}},"11":{"start":{"line":41,"column":4},"end":{"line":43,"column":5}},"12":{"start":{"line":42,"column":6},"end":{"line":42,"column":18}},"13":{"start":{"line":45,"column":4},"end":{"line":45,"column":24}},"14":{"start":{"line":47,"column":4},"end":{"line":51,"column":6}},"15":{"start":{"line":57,"column":4},"end":{"line":61,"column":5}},"16":{"start":{"line":58,"column":6},"end":{"line":58,"column":66}},"17":{"start":{"line":60,"column":6},"end":{"line":60,"column":123}},"18":{"start":{"line":66,"column":4},"end":{"line":70,"column":5}},"19":{"start":{"line":67,"column":6},"end":{"line":67,"column":72}},"20":{"start":{"line":69,"column":6},"end":{"line":69,"column":141}},"21":{"start":{"line":75,"column":4},"end":{"line":79,"column":5}},"22":{"start":{"line":76,"column":6},"end":{"line":76,"column":58}},"23":{"start":{"line":78,"column":6},"end":{"line":78,"column":120}},"24":{"start":{"line":84,"column":4},"end":{"line":88,"column":5}},"25":{"start":{"line":85,"column":6},"end":{"line":85,"column":50}},"26":{"start":{"line":87,"column":6},"end":{"line":87,"column":121}},"27":{"start":{"line":4,"column":0},"end":{"line":4,"column":13}}},"fnMap":{"0":{"name":"(anonymous_7)","decl":{"start":{"line":6,"column":8},"end":{"line":6,"column":22}},"loc":{"start":{"line":6,"column":41},"end":{"line":20,"column":null}}},"1":{"name":"(anonymous_9)","decl":{"start":{"line":23,"column":6},"end":{"line":23,"column":22}},"loc":{"start":{"line":23,"column":41},"end":{"line":34,"column":null}}},"2":{"name":"(anonymous_11)","decl":{"start":{"line":37,"column":6},"end":{"line":37,"column":12}},"loc":{"start":{"line":37,"column":23},"end":{"line":53,"column":null}}},"3":{"name":"(anonymous_13)","decl":{"start":{"line":56,"column":8},"end":{"line":56,"column":21}},"loc":{"start":{"line":56,"column":62},"end":{"line":62,"column":null}}},"4":{"name":"(anonymous_15)","decl":{"start":{"line":65,"column":8},"end":{"line":65,"column":29}},"loc":{"start":{"line":65,"column":48},"end":{"line":71,"column":null}}},"5":{"name":"(anonymous_17)","decl":{"start":{"line":74,"column":8},"end":{"line":74,"column":22}},"loc":{"start":{"line":74,"column":33},"end":{"line":80,"column":null}}},"6":{"name":"(anonymous_19)","decl":{"start":{"line":83,"column":8},"end":{"line":83,"column":21}},"loc":{"start":{"line":83,"column":32},"end":{"line":89,"column":null}}}},"branchMap":{"0":{"loc":{"start":{"line":11,"column":4},"end":{"line":13,"column":5}},"type":"if","locations":[{"start":{"line":11,"column":4},"end":{"line":13,"column":5}}]},"1":{"loc":{"start":{"line":28,"column":2},"end":{"line":30,"column":3}},"type":"if","locations":[{"start":{"line":28,"column":2},"end":{"line":30,"column":3}}]},"2":{"loc":{"start":{"line":41,"column":4},"end":{"line":43,"column":5}},"type":"if","locations":[{"start":{"line":41,"column":4},"end":{"line":43,"column":5}}]},"3":{"loc":{"start":{"line":49,"column":8},"end":{"line":49,"column":null}},"type":"cond-expr","locations":[{"start":{"line":49,"column":33},"end":{"line":49,"column":46}},{"start":{"line":49,"column":49},"end":{"line":49,"column":null}}]},"4":{"loc":{"start":{"line":60,"column":65},"end":{"line":60,"column":119}},"type":"cond-expr","locations":[{"start":{"line":60,"column":90},"end":{"line":60,"column":103}},{"start":{"line":60,"column":106},"end":{"line":60,"column":119}}]},"5":{"loc":{"start":{"line":69,"column":83},"end":{"line":69,"column":137}},"type":"cond-expr","locations":[{"start":{"line":69,"column":108},"end":{"line":69,"column":121}},{"start":{"line":69,"column":124},"end":{"line":69,"column":137}}]},"6":{"loc":{"start":{"line":78,"column":62},"end":{"line":78,"column":116}},"type":"cond-expr","locations":[{"start":{"line":78,"column":87},"end":{"line":78,"column":100}},{"start":{"line":78,"column":103},"end":{"line":78,"column":116}}]},"7":{"loc":{"start":{"line":87,"column":63},"end":{"line":87,"column":117}},"type":"cond-expr","locations":[{"start":{"line":87,"column":88},"end":{"line":87,"column":101}},{"start":{"line":87,"column":104},"end":{"line":87,"column":117}}]}},"s":{"0":1,"1":1,"2":1,"3":0,"4":1,"5":0,"6":0,"7":0,"8":0,"9":0,"10":0,"11":0,"12":0,"13":0,"14":0,"15":0,"16":0,"17":0,"18":0,"19":0,"20":0,"21":0,"22":0,"23":0,"24":0,"25":0,"26":0,"27":1},"f":{"0":1,"1":0,"2":0,"3":0,"4":0,"5":0,"6":0},"b":{"0":[0],"1":[0],"2":[0],"3":[0,0],"4":[0,0],"5":[0,0],"6":[0,0],"7":[0,0]}}
,"C:\\Users\\Samsung Desktop\\Desktop\\back-promotor\\src\\services\\lead.service.ts": {"path":"C:\\Users\\Samsung Desktop\\Desktop\\back-promotor\\src\\services\\lead.service.ts","statementMap":{"0":{"start":{"line":1,"column":0},"end":{"line":1,"column":76}},"1":{"start":{"line":11,"column":4},"end":{"line":19,"column":5}},"2":{"start":{"line":12,"column":6},"end":{"line":12,"column":69}},"3":{"start":{"line":14,"column":6},"end":{"line":18,"column":8}},"4":{"start":{"line":31,"column":2},"end":{"line":66,"column":3}},"5":{"start":{"line":32,"column":4},"end":{"line":32,"column":92}},"6":{"start":{"line":35,"column":25},"end":{"line":35,"column":79}},"7":{"start":{"line":37,"column":4},"end":{"line":37,"column":50}},"8":{"start":{"line":40,"column":4},"end":{"line":42,"column":5}},"9":{"start":{"line":41,"column":6},"end":{"line":41,"column":59}},"10":{"start":{"line":45,"column":4},"end":{"line":49,"column":5}},"11":{"start":{"line":46,"column":6},"end":{"line":48,"column":8}},"12":{"start":{"line":51,"column":4},"end":{"line":51,"column":70}},"13":{"start":{"line":54,"column":24},"end":{"line":54,"column":83}},"14":{"start":{"line":56,"column":4},"end":{"line":56,"column":61}},"15":{"start":{"line":58,"column":4},"end":{"line":58,"column":23}},"16":{"start":{"line":60,"column":4},"end":{"line":60,"column":67}},"17":{"start":{"line":61,"column":4},"end":{"line":65,"column":6}},"18":{"start":{"line":70,"column":4},"end":{"line":78,"column":5}},"19":{"start":{"line":71,"column":6},"end":{"line":71,"column":70}},"20":{"start":{"line":73,"column":6},"end":{"line":77,"column":8}},"21":{"start":{"line":82,"column":4},"end":{"line":96,"column":5}},"22":{"start":{"line":83,"column":19},"end":{"line":83,"column":73}},"23":{"start":{"line":85,"column":6},"end":{"line":87,"column":7}},"24":{"start":{"line":86,"column":8},"end":{"line":86,"column":49}},"25":{"start":{"line":89,"column":6},"end":{"line":89,"column":18}},"26":{"start":{"line":91,"column":6},"end":{"line":95,"column":8}},"27":{"start":{"line":101,"column":2},"end":{"line":101,"column":64}},"28":{"start":{"line":108,"column":19},"end":{"line":108,"column":74}},"29":{"start":{"line":110,"column":2},"end":{"line":112,"column":3}},"30":{"start":{"line":111,"column":4},"end":{"line":111,"column":53}},"31":{"start":{"line":114,"column":2},"end":{"line":114,"column":60}},"32":{"start":{"line":118,"column":15},"end":{"line":118,"column":71}},"33":{"start":{"line":120,"column":19},"end":{"line":121,"column":null}},"34":{"start":{"line":124,"column":2},"end":{"line":126,"column":3}},"35":{"start":{"line":125,"column":4},"end":{"line":125,"column":49}},"36":{"start":{"line":128,"column":2},"end":{"line":128,"column":14}},"37":{"start":{"line":134,"column":2},"end":{"line":152,"column":3}},"38":{"start":{"line":136,"column":17},"end":{"line":136,"column":71}},"39":{"start":{"line":139,"column":4},"end":{"line":141,"column":5}},"40":{"start":{"line":140,"column":6},"end":{"line":140,"column":47}},"41":{"start":{"line":144,"column":4},"end":{"line":144,"column":58}},"42":{"start":{"line":147,"column":4},"end":{"line":151,"column":6}},"43":{"start":{"line":5,"column":0},"end":{"line":5,"column":13}}},"fnMap":{"0":{"name":"(anonymous_7)","decl":{"start":{"line":7,"column":8},"end":{"line":7,"column":18}},"loc":{"start":{"line":9,"column":23},"end":{"line":20,"column":null}}},"1":{"name":"(anonymous_9)","decl":{"start":{"line":26,"column":6},"end":{"line":26,"column":16}},"loc":{"start":{"line":29,"column":24},"end":{"line":67,"column":null}}},"2":{"name":"(anonymous_11)","decl":{"start":{"line":69,"column":8},"end":{"line":69,"column":26}},"loc":{"start":{"line":69,"column":45},"end":{"line":79,"column":null}}},"3":{"name":"(anonymous_13)","decl":{"start":{"line":81,"column":8},"end":{"line":81,"column":19}},"loc":{"start":{"line":81,"column":50},"end":{"line":97,"column":null}}},"4":{"name":"(anonymous_15)","decl":{"start":{"line":100,"column":8},"end":{"line":100,"column":31}},"loc":{"start":{"line":100,"column":52},"end":{"line":102,"column":null}}},"5":{"name":"(anonymous_17)","decl":{"start":{"line":104,"column":6},"end":{"line":104,"column":34}},"loc":{"start":{"line":106,"column":20},"end":{"line":115,"column":null}}},"6":{"name":"(anonymous_19)","decl":{"start":{"line":117,"column":6},"end":{"line":117,"column":27}},"loc":{"start":{"line":117,"column":64},"end":{"line":129,"column":null}}},"7":{"name":"(anonymous_21)","decl":{"start":{"line":133,"column":6},"end":{"line":133,"column":16}},"loc":{"start":{"line":133,"column":47},"end":{"line":153,"column":null}}}},"branchMap":{"0":{"loc":{"start":{"line":16,"column":10},"end":{"line":16,"column":null}},"type":"cond-expr","locations":[{"start":{"line":16,"column":35},"end":{"line":16,"column":48}},{"start":{"line":16,"column":51},"end":{"line":16,"column":null}}]},"1":{"loc":{"start":{"line":40,"column":4},"end":{"line":42,"column":5}},"type":"if","locations":[{"start":{"line":40,"column":4},"end":{"line":42,"column":5}}]},"2":{"loc":{"start":{"line":45,"column":4},"end":{"line":49,"column":5}},"type":"if","locations":[{"start":{"line":45,"column":4},"end":{"line":49,"column":5}}]},"3":{"loc":{"start":{"line":63,"column":8},"end":{"line":63,"column":null}},"type":"cond-expr","locations":[{"start":{"line":63,"column":33},"end":{"line":63,"column":46}},{"start":{"line":63,"column":49},"end":{"line":63,"column":null}}]},"4":{"loc":{"start":{"line":75,"column":10},"end":{"line":75,"column":null}},"type":"cond-expr","locations":[{"start":{"line":75,"column":35},"end":{"line":75,"column":48}},{"start":{"line":75,"column":51},"end":{"line":75,"column":null}}]},"5":{"loc":{"start":{"line":85,"column":6},"end":{"line":87,"column":7}},"type":"if","locations":[{"start":{"line":85,"column":6},"end":{"line":87,"column":7}}]},"6":{"loc":{"start":{"line":93,"column":10},"end":{"line":93,"column":null}},"type":"cond-expr","locations":[{"start":{"line":93,"column":35},"end":{"line":93,"column":48}},{"start":{"line":93,"column":51},"end":{"line":93,"column":null}}]},"7":{"loc":{"start":{"line":110,"column":2},"end":{"line":112,"column":3}},"type":"if","locations":[{"start":{"line":110,"column":2},"end":{"line":112,"column":3}}]},"8":{"loc":{"start":{"line":124,"column":2},"end":{"line":126,"column":3}},"type":"if","locations":[{"start":{"line":124,"column":2},"end":{"line":126,"column":3}}]},"9":{"loc":{"start":{"line":139,"column":4},"end":{"line":141,"column":5}},"type":"if","locations":[{"start":{"line":139,"column":4},"end":{"line":141,"column":5}}]},"10":{"loc":{"start":{"line":149,"column":8},"end":{"line":149,"column":null}},"type":"cond-expr","locations":[{"start":{"line":149,"column":33},"end":{"line":149,"column":46}},{"start":{"line":149,"column":49},"end":{"line":149,"column":null}}]}},"s":{"0":1,"1":1,"2":1,"3":0,"4":0,"5":0,"6":0,"7":0,"8":0,"9":0,"10":0,"11":0,"12":0,"13":0,"14":0,"15":0,"16":0,"17":0,"18":0,"19":0,"20":0,"21":0,"22":0,"23":0,"24":0,"25":0,"26":0,"27":0,"28":0,"29":0,"30":0,"31":0,"32":0,"33":0,"34":0,"35":0,"36":0,"37":0,"38":0,"39":0,"40":0,"41":0,"42":0,"43":1},"f":{"0":1,"1":0,"2":0,"3":0,"4":0,"5":0,"6":0,"7":0},"b":{"0":[0,0],"1":[0],"2":[0],"3":[0,0],"4":[0,0],"5":[0],"6":[0,0],"7":[0],"8":[0],"9":[0],"10":[0,0]}}
,"C:\\Users\\Samsung Desktop\\Desktop\\back-promotor\\src\\services\\localizacao.service.ts": {"path":"C:\\Users\\Samsung Desktop\\Desktop\\back-promotor\\src\\services\\localizacao.service.ts","statementMap":{"0":{"start":{"line":1,"column":0},"end":{"line":1,"column":76}},"1":{"start":{"line":11,"column":35},"end":{"line":16,"column":4}},"2":{"start":{"line":18,"column":2},"end":{"line":18,"column":69}},"3":{"start":{"line":24,"column":4},"end":{"line":28,"column":5}},"4":{"start":{"line":25,"column":6},"end":{"line":25,"column":74}},"5":{"start":{"line":27,"column":6},"end":{"line":27,"column":127}},"6":{"start":{"line":33,"column":4},"end":{"line":37,"column":5}},"7":{"start":{"line":34,"column":6},"end":{"line":34,"column":76}},"8":{"start":{"line":36,"column":6},"end":{"line":36,"column":145}},"9":{"start":{"line":42,"column":4},"end":{"line":46,"column":5}},"10":{"start":{"line":43,"column":6},"end":{"line":43,"column":62}},"11":{"start":{"line":45,"column":6},"end":{"line":45,"column":124}},"12":{"start":{"line":51,"column":4},"end":{"line":55,"column":5}},"13":{"start":{"line":52,"column":6},"end":{"line":52,"column":54}},"14":{"start":{"line":54,"column":6},"end":{"line":54,"column":125}},"15":{"start":{"line":58,"column":4},"end":{"line":63,"column":5}},"16":{"start":{"line":59,"column":27},"end":{"line":59,"column":89}},"17":{"start":{"line":60,"column":6},"end":{"line":60,"column":100}},"18":{"start":{"line":62,"column":6},"end":{"line":62,"column":151}},"19":{"start":{"line":4,"column":0},"end":{"line":4,"column":13}}},"fnMap":{"0":{"name":"(anonymous_7)","decl":{"start":{"line":6,"column":8},"end":{"line":6,"column":28}},"loc":{"start":{"line":9,"column":19},"end":{"line":19,"column":null}}},"1":{"name":"(anonymous_9)","decl":{"start":{"line":23,"column":8},"end":{"line":23,"column":25}},"loc":{"start":{"line":23,"column":74},"end":{"line":29,"column":null}}},"2":{"name":"(anonymous_11)","decl":{"start":{"line":32,"column":8},"end":{"line":32,"column":42}},"loc":{"start":{"line":32,"column":61},"end":{"line":38,"column":null}}},"3":{"name":"(anonymous_13)","decl":{"start":{"line":41,"column":8},"end":{"line":41,"column":26}},"loc":{"start":{"line":41,"column":37},"end":{"line":47,"column":null}}},"4":{"name":"(anonymous_15)","decl":{"start":{"line":50,"column":8},"end":{"line":50,"column":25}},"loc":{"start":{"line":50,"column":36},"end":{"line":56,"column":null}}},"5":{"name":"(anonymous_17)","decl":{"start":{"line":57,"column":8},"end":{"line":57,"column":36}},"loc":{"start":{"line":57,"column":55},"end":{"line":64,"column":null}}}},"branchMap":{"0":{"loc":{"start":{"line":27,"column":69},"end":{"line":27,"column":123}},"type":"cond-expr","locations":[{"start":{"line":27,"column":94},"end":{"line":27,"column":107}},{"start":{"line":27,"column":110},"end":{"line":27,"column":123}}]},"1":{"loc":{"start":{"line":36,"column":87},"end":{"line":36,"column":141}},"type":"cond-expr","locations":[{"start":{"line":36,"column":112},"end":{"line":36,"column":125}},{"start":{"line":36,"column":128},"end":{"line":36,"column":141}}]},"2":{"loc":{"start":{"line":45,"column":66},"end":{"line":45,"column":120}},"type":"cond-expr","locations":[{"start":{"line":45,"column":91},"end":{"line":45,"column":104}},{"start":{"line":45,"column":107},"end":{"line":45,"column":120}}]},"3":{"loc":{"start":{"line":54,"column":67},"end":{"line":54,"column":121}},"type":"cond-expr","locations":[{"start":{"line":54,"column":92},"end":{"line":54,"column":105}},{"start":{"line":54,"column":108},"end":{"line":54,"column":121}}]},"4":{"loc":{"start":{"line":60,"column":13},"end":{"line":60,"column":99}},"type":"cond-expr","locations":[{"start":{"line":60,"column":55},"end":{"line":60,"column":92}},{"start":{"line":60,"column":95},"end":{"line":60,"column":99}}]},"5":{"loc":{"start":{"line":60,"column":13},"end":{"line":60,"column":52}},"type":"binary-expr","locations":[{"start":{"line":60,"column":13},"end":{"line":60,"column":25}},{"start":{"line":60,"column":29},"end":{"line":60,"column":52}}]},"6":{"loc":{"start":{"line":62,"column":93},"end":{"line":62,"column":147}},"type":"cond-expr","locations":[{"start":{"line":62,"column":118},"end":{"line":62,"column":131}},{"start":{"line":62,"column":134},"end":{"line":62,"column":147}}]}},"s":{"0":1,"1":1,"2":1,"3":0,"4":0,"5":0,"6":0,"7":0,"8":0,"9":0,"10":0,"11":0,"12":0,"13":0,"14":0,"15":0,"16":0,"17":0,"18":0,"19":1},"f":{"0":1,"1":0,"2":0,"3":0,"4":0,"5":0},"b":{"0":[0,0],"1":[0,0],"2":[0,0],"3":[0,0],"4":[0,0],"5":[0,0],"6":[0,0]}}
,"C:\\Users\\Samsung Desktop\\Desktop\\back-promotor\\src\\services\\promotor.service.ts": {"path":"C:\\Users\\Samsung Desktop\\Desktop\\back-promotor\\src\\services\\promotor.service.ts","statementMap":{"0":{"start":{"line":1,"column":0},"end":{"line":1,"column":76}},"1":{"start":{"line":9,"column":4},"end":{"line":13,"column":5}},"2":{"start":{"line":10,"column":6},"end":{"line":10,"column":58}},"3":{"start":{"line":12,"column":6},"end":{"line":12,"column":110}},"4":{"start":{"line":16,"column":2},"end":{"line":22,"column":3}},"5":{"start":{"line":17,"column":4},"end":{"line":17,"column":79}},"6":{"start":{"line":19,"column":4},"end":{"line":21,"column":6}},"7":{"start":{"line":28,"column":4},"end":{"line":32,"column":5}},"8":{"start":{"line":29,"column":6},"end":{"line":29,"column":61}},"9":{"start":{"line":31,"column":6},"end":{"line":31,"column":123}},"10":{"start":{"line":37,"column":4},"end":{"line":41,"column":5}},"11":{"start":{"line":38,"column":6},"end":{"line":38,"column":62}},"12":{"start":{"line":40,"column":6},"end":{"line":40,"column":107}},"13":{"start":{"line":45,"column":4},"end":{"line":49,"column":5}},"14":{"start":{"line":46,"column":6},"end":{"line":46,"column":63}},"15":{"start":{"line":48,"column":6},"end":{"line":48,"column":126}},"16":{"start":{"line":54,"column":4},"end":{"line":58,"column":5}},"17":{"start":{"line":55,"column":6},"end":{"line":55,"column":74}},"18":{"start":{"line":57,"column":6},"end":{"line":57,"column":141}},"19":{"start":{"line":63,"column":4},"end":{"line":67,"column":5}},"20":{"start":{"line":64,"column":6},"end":{"line":64,"column":53}},"21":{"start":{"line":66,"column":6},"end":{"line":66,"column":124}},"22":{"start":{"line":6,"column":0},"end":{"line":6,"column":13}}},"fnMap":{"0":{"name":"(anonymous_7)","decl":{"start":{"line":8,"column":8},"end":{"line":8,"column":24}},"loc":{"start":{"line":8,"column":24},"end":{"line":14,"column":null}}},"1":{"name":"(anonymous_9)","decl":{"start":{"line":15,"column":8},"end":{"line":15,"column":33}},"loc":{"start":{"line":15,"column":54},"end":{"line":23,"column":null}}},"2":{"name":"(anonymous_11)","decl":{"start":{"line":27,"column":8},"end":{"line":27,"column":23}},"loc":{"start":{"line":27,"column":34},"end":{"line":33,"column":null}}},"3":{"name":"(anonymous_13)","decl":{"start":{"line":36,"column":8},"end":{"line":36,"column":22}},"loc":{"start":{"line":36,"column":46},"end":{"line":42,"column":null}}},"4":{"name":"(anonymous_15)","decl":{"start":{"line":44,"column":8},"end":{"line":44,"column":22}},"loc":{"start":{"line":44,"column":65},"end":{"line":50,"column":null}}},"5":{"name":"(anonymous_17)","decl":{"start":{"line":53,"column":8},"end":{"line":53,"column":30}},"loc":{"start":{"line":53,"column":67},"end":{"line":59,"column":null}}},"6":{"name":"(anonymous_19)","decl":{"start":{"line":62,"column":8},"end":{"line":62,"column":22}},"loc":{"start":{"line":62,"column":33},"end":{"line":68,"column":null}}}},"branchMap":{"0":{"loc":{"start":{"line":12,"column":52},"end":{"line":12,"column":106}},"type":"cond-expr","locations":[{"start":{"line":12,"column":77},"end":{"line":12,"column":90}},{"start":{"line":12,"column":93},"end":{"line":12,"column":106}}]},"1":{"loc":{"start":{"line":31,"column":65},"end":{"line":31,"column":119}},"type":"cond-expr","locations":[{"start":{"line":31,"column":90},"end":{"line":31,"column":103}},{"start":{"line":31,"column":106},"end":{"line":31,"column":119}}]},"2":{"loc":{"start":{"line":40,"column":49},"end":{"line":40,"column":103}},"type":"cond-expr","locations":[{"start":{"line":40,"column":74},"end":{"line":40,"column":87}},{"start":{"line":40,"column":90},"end":{"line":40,"column":103}}]},"3":{"loc":{"start":{"line":48,"column":68},"end":{"line":48,"column":122}},"type":"cond-expr","locations":[{"start":{"line":48,"column":93},"end":{"line":48,"column":106}},{"start":{"line":48,"column":109},"end":{"line":48,"column":122}}]},"4":{"loc":{"start":{"line":57,"column":83},"end":{"line":57,"column":137}},"type":"cond-expr","locations":[{"start":{"line":57,"column":108},"end":{"line":57,"column":121}},{"start":{"line":57,"column":124},"end":{"line":57,"column":137}}]},"5":{"loc":{"start":{"line":66,"column":66},"end":{"line":66,"column":120}},"type":"cond-expr","locations":[{"start":{"line":66,"column":91},"end":{"line":66,"column":104}},{"start":{"line":66,"column":107},"end":{"line":66,"column":120}}]}},"s":{"0":1,"1":1,"2":1,"3":0,"4":1,"5":1,"6":0,"7":1,"8":1,"9":0,"10":0,"11":0,"12":0,"13":0,"14":0,"15":0,"16":0,"17":0,"18":0,"19":0,"20":0,"21":0,"22":1},"f":{"0":1,"1":1,"2":1,"3":0,"4":0,"5":0,"6":0},"b":{"0":[0,0],"1":[0,0],"2":[0,0],"3":[0,0],"4":[0,0],"5":[0,0]}}
,"C:\\Users\\Samsung Desktop\\Desktop\\back-promotor\\src\\services\\supervisor.service.ts": {"path":"C:\\Users\\Samsung Desktop\\Desktop\\back-promotor\\src\\services\\supervisor.service.ts","statementMap":{"0":{"start":{"line":1,"column":0},"end":{"line":1,"column":76}},"1":{"start":{"line":8,"column":4},"end":{"line":13,"column":5}},"2":{"start":{"line":9,"column":6},"end":{"line":9,"column":60}},"3":{"start":{"line":11,"column":6},"end":{"line":11,"column":108}},"4":{"start":{"line":12,"column":6},"end":{"line":12,"column":54}},"5":{"start":{"line":17,"column":4},"end":{"line":22,"column":5}},"6":{"start":{"line":18,"column":6},"end":{"line":18,"column":63}},"7":{"start":{"line":20,"column":6},"end":{"line":20,"column":119}},"8":{"start":{"line":21,"column":6},"end":{"line":21,"column":52}},"9":{"start":{"line":26,"column":4},"end":{"line":31,"column":5}},"10":{"start":{"line":27,"column":6},"end":{"line":27,"column":70}},"11":{"start":{"line":29,"column":6},"end":{"line":29,"column":105}},"12":{"start":{"line":30,"column":6},"end":{"line":30,"column":51}},"13":{"start":{"line":35,"column":4},"end":{"line":40,"column":5}},"14":{"start":{"line":36,"column":6},"end":{"line":36,"column":74}},"15":{"start":{"line":38,"column":6},"end":{"line":38,"column":122}},"16":{"start":{"line":39,"column":6},"end":{"line":39,"column":55}},"17":{"start":{"line":44,"column":4},"end":{"line":49,"column":5}},"18":{"start":{"line":45,"column":6},"end":{"line":45,"column":55}},"19":{"start":{"line":47,"column":6},"end":{"line":47,"column":120}},"20":{"start":{"line":48,"column":6},"end":{"line":48,"column":53}},"21":{"start":{"line":52,"column":4},"end":{"line":57,"column":5}},"22":{"start":{"line":53,"column":6},"end":{"line":53,"column":67}},"23":{"start":{"line":55,"column":6},"end":{"line":55,"column":114}},"24":{"start":{"line":56,"column":6},"end":{"line":56,"column":60}},"25":{"start":{"line":6,"column":0},"end":{"line":6,"column":21}}},"fnMap":{"0":{"name":"(anonymous_7)","decl":{"start":{"line":7,"column":8},"end":{"line":7,"column":25}},"loc":{"start":{"line":7,"column":25},"end":{"line":14,"column":null}}},"1":{"name":"(anonymous_9)","decl":{"start":{"line":16,"column":8},"end":{"line":16,"column":25}},"loc":{"start":{"line":16,"column":36},"end":{"line":23,"column":null}}},"2":{"name":"(anonymous_11)","decl":{"start":{"line":25,"column":8},"end":{"line":25,"column":24}},"loc":{"start":{"line":25,"column":56},"end":{"line":32,"column":null}}},"3":{"name":"(anonymous_13)","decl":{"start":{"line":34,"column":8},"end":{"line":34,"column":24}},"loc":{"start":{"line":34,"column":71},"end":{"line":41,"column":null}}},"4":{"name":"(anonymous_15)","decl":{"start":{"line":43,"column":8},"end":{"line":43,"column":24}},"loc":{"start":{"line":43,"column":35},"end":{"line":50,"column":null}}},"5":{"name":"(anonymous_17)","decl":{"start":{"line":51,"column":8},"end":{"line":51,"column":24}},"loc":{"start":{"line":51,"column":24},"end":{"line":58,"column":null}}}},"branchMap":{"0":{"loc":{"start":{"line":11,"column":52},"end":{"line":11,"column":106}},"type":"cond-expr","locations":[{"start":{"line":11,"column":77},"end":{"line":11,"column":90}},{"start":{"line":11,"column":93},"end":{"line":11,"column":106}}]},"1":{"loc":{"start":{"line":20,"column":63},"end":{"line":20,"column":117}},"type":"cond-expr","locations":[{"start":{"line":20,"column":88},"end":{"line":20,"column":101}},{"start":{"line":20,"column":104},"end":{"line":20,"column":117}}]},"2":{"loc":{"start":{"line":29,"column":49},"end":{"line":29,"column":103}},"type":"cond-expr","locations":[{"start":{"line":29,"column":74},"end":{"line":29,"column":87}},{"start":{"line":29,"column":90},"end":{"line":29,"column":103}}]},"3":{"loc":{"start":{"line":38,"column":66},"end":{"line":38,"column":120}},"type":"cond-expr","locations":[{"start":{"line":38,"column":91},"end":{"line":38,"column":104}},{"start":{"line":38,"column":107},"end":{"line":38,"column":120}}]},"4":{"loc":{"start":{"line":47,"column":64},"end":{"line":47,"column":118}},"type":"cond-expr","locations":[{"start":{"line":47,"column":89},"end":{"line":47,"column":102}},{"start":{"line":47,"column":105},"end":{"line":47,"column":118}}]},"5":{"loc":{"start":{"line":55,"column":58},"end":{"line":55,"column":112}},"type":"cond-expr","locations":[{"start":{"line":55,"column":83},"end":{"line":55,"column":96}},{"start":{"line":55,"column":99},"end":{"line":55,"column":112}}]}},"s":{"0":1,"1":1,"2":1,"3":0,"4":0,"5":0,"6":0,"7":0,"8":0,"9":0,"10":0,"11":0,"12":0,"13":0,"14":0,"15":0,"16":0,"17":0,"18":0,"19":0,"20":0,"21":1,"22":1,"23":0,"24":0,"25":1},"f":{"0":1,"1":0,"2":0,"3":0,"4":0,"5":1},"b":{"0":[0,0],"1":[0,0],"2":[0,0],"3":[0,0],"4":[0,0],"5":[0,0]}}
,"C:\\Users\\Samsung Desktop\\Desktop\\back-promotor\\src\\test-utils\\mockExpress.ts": {"path":"C:\\Users\\Samsung Desktop\\Desktop\\back-promotor\\src\\test-utils\\mockExpress.ts","statementMap":{"0":{"start":{"line":4,"column":27},"end":{"line":10,"column":12}},"1":{"start":{"line":5,"column":3},"end":{"line":10,"column":12}},"2":{"start":{"line":4,"column":13},"end":{"line":4,"column":27}},"3":{"start":{"line":15,"column":28},"end":{"line":23,"column":1}},"4":{"start":{"line":16,"column":19},"end":{"line":16,"column":21}},"5":{"start":{"line":18,"column":2},"end":{"line":18,"column":46}},"6":{"start":{"line":19,"column":2},"end":{"line":19,"column":44}},"7":{"start":{"line":20,"column":2},"end":{"line":20,"column":44}},"8":{"start":{"line":22,"column":2},"end":{"line":22,"column":13}},"9":{"start":{"line":15,"column":13},"end":{"line":15,"column":28}}},"fnMap":{"0":{"name":"(anonymous_0)","decl":{"start":{"line":4,"column":27},"end":{"line":4,"column":28}},"loc":{"start":{"line":5,"column":3},"end":{"line":10,"column":12}}},"1":{"name":"(anonymous_1)","decl":{"start":{"line":15,"column":28},"end":{"line":15,"column":31}},"loc":{"start":{"line":15,"column":33},"end":{"line":23,"column":1}}}},"branchMap":{"0":{"loc":{"start":{"line":4,"column":28},"end":{"line":4,"column":42}},"type":"default-arg","locations":[{"start":{"line":4,"column":40},"end":{"line":4,"column":42}}]},"1":{"loc":{"start":{"line":6,"column":10},"end":{"line":6,"column":25}},"type":"binary-expr","locations":[{"start":{"line":6,"column":10},"end":{"line":6,"column":19}},{"start":{"line":6,"column":23},"end":{"line":6,"column":25}}]},"2":{"loc":{"start":{"line":7,"column":12},"end":{"line":7,"column":29}},"type":"binary-expr","locations":[{"start":{"line":7,"column":12},"end":{"line":7,"column":23}},{"start":{"line":7,"column":27},"end":{"line":7,"column":29}}]},"3":{"loc":{"start":{"line":8,"column":13},"end":{"line":8,"column":31}},"type":"binary-expr","locations":[{"start":{"line":8,"column":13},"end":{"line":8,"column":25}},{"start":{"line":8,"column":29},"end":{"line":8,"column":31}}]}},"s":{"0":6,"1":8,"2":6,"3":6,"4":8,"5":8,"6":8,"7":8,"8":8,"9":6},"f":{"0":8,"1":8},"b":{"0":[3],"1":[8,4],"2":[8,8],"3":[8,8]}}
}
