TN:
SF:src\controllers\auth.controller.ts
FN:7,(anonymous_7)
FN:25,(anonymous_9)
FN:43,(anonymous_11)
FNF:3
FNH:1
FNDA:2,(anonymous_7)
FNDA:0,(anonymous_9)
FNDA:0,(anonymous_11)
DA:2,1
DA:4,1
DA:6,1
DA:8,2
DA:9,2
DA:11,2
DA:12,1
DA:13,1
DA:16,1
DA:17,1
DA:19,0
DA:26,0
DA:27,0
DA:29,0
DA:30,0
DA:31,0
DA:34,0
DA:35,0
DA:37,0
DA:44,0
DA:45,0
DA:47,0
DA:48,0
DA:49,0
DA:52,0
DA:53,0
DA:55,0
LF:27
LH:10
BRDA:11,0,0,1
BRDA:11,1,0,2
BRDA:11,1,1,1
BRDA:20,2,0,0
BRDA:20,2,1,0
BRDA:27,3,0,0
BRDA:27,3,1,0
BRDA:27,4,0,0
BRDA:27,4,1,0
BRDA:29,5,0,0
BRDA:38,6,0,0
BRDA:38,6,1,0
BRDA:45,7,0,0
BRDA:45,7,1,0
BRDA:45,8,0,0
BRDA:45,8,1,0
BRDA:47,9,0,0
BRDA:56,10,0,0
BRDA:56,10,1,0
BRF:19
BRH:3
end_of_record
TN:
SF:src\controllers\jornada.controller.ts
FN:8,(anonymous_7)
FN:35,(anonymous_9)
FN:67,(anonymous_11)
FN:100,(anonymous_13)
FN:111,(anonymous_15)
FN:122,(anonymous_17)
FN:133,(anonymous_19)
FNF:7
FNH:1
FNDA:2,(anonymous_7)
FNDA:0,(anonymous_9)
FNDA:0,(anonymous_11)
FNDA:0,(anonymous_13)
FNDA:0,(anonymous_15)
FNDA:0,(anonymous_17)
FNDA:0,(anonymous_19)
DA:2,1
DA:3,1
DA:4,1
DA:6,1
DA:9,2
DA:10,2
DA:11,1
DA:12,1
DA:15,1
DA:17,1
DA:20,1
DA:22,1
DA:24,0
DA:25,0
DA:36,0
DA:37,0
DA:38,0
DA:39,0
DA:42,0
DA:44,0
DA:47,0
DA:53,0
DA:55,0
DA:56,0
DA:68,0
DA:69,0
DA:70,0
DA:71,0
DA:74,0
DA:76,0
DA:78,0
DA:79,0
DA:80,0
DA:84,0
DA:90,0
DA:92,0
DA:101,0
DA:102,0
DA:103,0
DA:104,0
DA:106,0
DA:112,0
DA:113,0
DA:114,0
DA:115,0
DA:117,0
DA:123,0
DA:124,0
DA:125,0
DA:126,0
DA:128,0
DA:134,0
DA:135,0
DA:136,0
DA:137,0
DA:139,0
LF:56
LH:12
BRDA:10,0,0,1
BRDA:27,1,0,0
BRDA:27,1,1,0
BRDA:37,2,0,0
BRDA:50,3,0,0
BRDA:50,3,1,0
BRDA:58,4,0,0
BRDA:58,4,1,0
BRDA:69,5,0,0
BRDA:78,6,0,0
BRDA:87,7,0,0
BRDA:87,7,1,0
BRDA:93,8,0,0
BRDA:93,8,1,0
BRDA:106,9,0,0
BRDA:106,9,1,0
BRDA:117,10,0,0
BRDA:117,10,1,0
BRDA:128,11,0,0
BRDA:128,11,1,0
BRDA:139,12,0,0
BRDA:139,12,1,0
BRF:22
BRH:1
end_of_record
TN:
SF:src\controllers\lead.controller.ts
FN:10,(anonymous_7)
FN:30,(anonymous_9)
FN:53,(anonymous_11)
FN:59,(anonymous_13)
FN:73,(anonymous_14)
FN:90,(anonymous_16)
FN:104,(anonymous_18)
FN:125,(anonymous_20)
FN:148,(anonymous_22)
FNF:9
FNH:1
FNDA:1,(anonymous_7)
FNDA:0,(anonymous_9)
FNDA:0,(anonymous_11)
FNDA:0,(anonymous_13)
FNDA:0,(anonymous_14)
FNDA:0,(anonymous_16)
FNDA:0,(anonymous_18)
FNDA:0,(anonymous_20)
FNDA:0,(anonymous_22)
DA:2,1
DA:3,1
DA:6,1
DA:8,1
DA:11,1
DA:12,1
DA:13,1
DA:16,1
DA:21,1
DA:23,0
DA:31,0
DA:32,0
DA:33,0
DA:34,0
DA:37,0
DA:42,0
DA:44,0
DA:54,0
DA:55,0
DA:56,0
DA:59,0
DA:64,0
DA:66,0
DA:74,0
DA:75,0
DA:76,0
DA:78,0
DA:83,0
DA:85,0
DA:91,0
DA:92,0
DA:94,0
DA:96,0
DA:98,0
DA:105,0
DA:106,0
DA:107,0
DA:109,0
DA:114,0
DA:116,0
DA:126,0
DA:127,0
DA:128,0
DA:129,0
DA:132,0
DA:137,0
DA:139,0
DA:149,0
DA:150,0
DA:151,0
DA:152,0
DA:153,0
DA:155,0
LF:53
LH:9
BRDA:24,0,0,0
BRDA:24,0,1,0
BRDA:46,1,0,0
BRDA:46,1,1,0
BRDA:68,2,0,0
BRDA:68,2,1,0
BRDA:86,3,0,0
BRDA:86,3,1,0
BRDA:99,4,0,0
BRDA:99,4,1,0
BRDA:117,5,0,0
BRDA:117,5,1,0
BRDA:141,6,0,0
BRDA:141,6,1,0
BRDA:157,7,0,0
BRDA:157,7,1,0
BRF:16
BRH:0
end_of_record
TN:
SF:src\controllers\localizacao.controller.ts
FN:8,(anonymous_7)
FN:46,(anonymous_9)
FN:57,(anonymous_11)
FNF:3
FNH:1
FNDA:1,(anonymous_7)
FNDA:0,(anonymous_9)
FNDA:0,(anonymous_11)
DA:2,1
DA:3,1
DA:4,1
DA:6,1
DA:9,1
DA:10,1
DA:11,0
DA:12,0
DA:15,1
DA:17,1
DA:18,0
DA:19,0
DA:22,1
DA:24,1
DA:31,1
DA:37,0
DA:47,0
DA:48,0
DA:49,0
DA:50,0
DA:52,0
DA:58,0
DA:59,0
DA:60,0
DA:61,0
DA:63,0
LF:26
LH:11
BRDA:10,0,0,0
BRDA:17,1,0,0
BRDA:17,2,0,1
BRDA:17,2,1,1
BRDA:38,3,0,0
BRDA:38,3,1,0
BRDA:52,4,0,0
BRDA:52,4,1,0
BRDA:63,5,0,0
BRDA:63,5,1,0
BRF:10
BRH:2
end_of_record
TN:
SF:src\controllers\promotor.controller.ts
FN:8,(anonymous_7)
FN:17,(anonymous_9)
FN:34,(anonymous_11)
FN:55,(anonymous_13)
FN:65,(anonymous_15)
FN:81,(anonymous_17)
FN:93,(anonymous_19)
FNF:7
FNH:1
FNDA:1,(anonymous_7)
FNDA:0,(anonymous_9)
FNDA:0,(anonymous_11)
FNDA:0,(anonymous_13)
FNDA:0,(anonymous_15)
FNDA:0,(anonymous_17)
FNDA:0,(anonymous_19)
DA:2,1
DA:4,1
DA:6,1
DA:9,1
DA:10,1
DA:11,1
DA:13,0
DA:18,0
DA:19,0
DA:22,0
DA:24,0
DA:26,0
DA:35,0
DA:36,0
DA:37,0
DA:39,0
DA:42,0
DA:43,0
DA:44,0
DA:47,0
DA:49,0
DA:56,0
DA:57,0
DA:58,0
DA:59,0
DA:61,0
DA:66,0
DA:67,0
DA:69,0
DA:71,0
DA:72,0
DA:73,0
DA:76,0
DA:77,0
DA:82,0
DA:83,0
DA:84,0
DA:85,0
DA:86,0
DA:88,0
DA:94,0
DA:95,0
DA:97,0
DA:99,0
DA:100,0
DA:101,0
DA:104,0
DA:105,0
LF:48
LH:6
BRDA:13,0,0,0
BRDA:13,0,1,0
BRDA:27,1,0,0
BRDA:27,1,1,0
BRDA:42,2,0,0
BRDA:50,3,0,0
BRDA:50,3,1,0
BRDA:61,4,0,0
BRDA:61,4,1,0
BRDA:71,5,0,0
BRDA:88,6,0,0
BRDA:88,6,1,0
BRDA:99,7,0,0
BRF:13
BRH:0
end_of_record
TN:
SF:src\controllers\supervisor.controller.ts
FN:9,(anonymous_8)
FN:19,(anonymous_10)
FN:29,(anonymous_12)
FN:40,(anonymous_14)
FN:51,(anonymous_16)
FN:63,(anonymous_18)
FNF:6
FNH:1
FNDA:1,(anonymous_8)
FNDA:0,(anonymous_10)
FNDA:0,(anonymous_12)
FNDA:0,(anonymous_14)
FNDA:0,(anonymous_16)
FNDA:0,(anonymous_18)
DA:2,1
DA:4,1
DA:6,1
DA:10,1
DA:11,1
DA:12,1
DA:14,0
DA:20,0
DA:21,0
DA:22,0
DA:24,0
DA:30,0
DA:31,0
DA:32,0
DA:33,0
DA:35,0
DA:41,0
DA:42,0
DA:43,0
DA:44,0
DA:46,0
DA:52,0
DA:53,0
DA:54,0
DA:55,0
DA:56,0
DA:58,0
DA:64,0
DA:65,0
DA:66,0
DA:67,0
DA:69,0
LF:32
LH:6
BRDA:14,0,0,0
BRDA:14,0,1,0
BRDA:24,1,0,0
BRDA:24,1,1,0
BRDA:35,2,0,0
BRDA:35,2,1,0
BRDA:46,3,0,0
BRDA:46,3,1,0
BRDA:58,4,0,0
BRDA:58,4,1,0
BRDA:69,5,0,0
BRDA:69,5,1,0
BRF:12
BRH:0
end_of_record
TN:
SF:src\services\auth.service.ts
FN:4,(anonymous_8)
FN:25,(anonymous_10)
FN:34,(anonymous_12)
FNF:3
FNH:3
FNDA:1,(anonymous_8)
FNDA:1,(anonymous_10)
FNDA:1,(anonymous_12)
DA:1,1
DA:3,1
DA:5,1
DA:10,1
DA:11,0
DA:14,1
DA:26,1
DA:30,1
DA:31,0
DA:35,1
DA:37,1
DA:38,0
DA:41,1
LF:13
LH:10
BRDA:10,0,0,0
BRDA:10,1,0,1
BRDA:10,1,1,1
BRDA:30,2,0,0
BRDA:37,3,0,0
BRDA:37,4,0,1
BRDA:37,4,1,1
BRF:7
BRH:4
end_of_record
TN:
SF:src\services\date.service.ts
FN:1,formatarParaBrasil
FNF:1
FNH:1
FNDA:4,formatarParaBrasil
DA:1,4
DA:2,4
LF:2
LH:2
BRF:0
BRH:0
end_of_record
TN:
SF:src\services\jornada.service.ts
FN:6,(anonymous_7)
FN:23,(anonymous_9)
FN:37,(anonymous_11)
FN:56,(anonymous_13)
FN:65,(anonymous_15)
FN:74,(anonymous_17)
FN:83,(anonymous_19)
FNF:7
FNH:1
FNDA:1,(anonymous_7)
FNDA:0,(anonymous_9)
FNDA:0,(anonymous_11)
FNDA:0,(anonymous_13)
FNDA:0,(anonymous_15)
FNDA:0,(anonymous_17)
FNDA:0,(anonymous_19)
DA:1,1
DA:4,1
DA:9,1
DA:11,1
DA:12,0
DA:16,1
DA:26,0
DA:28,0
DA:29,0
DA:33,0
DA:38,0
DA:39,0
DA:41,0
DA:42,0
DA:45,0
DA:47,0
DA:57,0
DA:58,0
DA:60,0
DA:66,0
DA:67,0
DA:69,0
DA:75,0
DA:76,0
DA:78,0
DA:84,0
DA:85,0
DA:87,0
LF:28
LH:5
BRDA:11,0,0,0
BRDA:28,1,0,0
BRDA:41,2,0,0
BRDA:49,3,0,0
BRDA:49,3,1,0
BRDA:60,4,0,0
BRDA:60,4,1,0
BRDA:69,5,0,0
BRDA:69,5,1,0
BRDA:78,6,0,0
BRDA:78,6,1,0
BRDA:87,7,0,0
BRDA:87,7,1,0
BRF:13
BRH:0
end_of_record
TN:
SF:src\services\lead.service.ts
FN:7,(anonymous_7)
FN:26,(anonymous_9)
FN:69,(anonymous_11)
FN:81,(anonymous_13)
FN:100,(anonymous_15)
FN:104,(anonymous_17)
FN:117,(anonymous_19)
FN:133,(anonymous_21)
FNF:8
FNH:1
FNDA:1,(anonymous_7)
FNDA:0,(anonymous_9)
FNDA:0,(anonymous_11)
FNDA:0,(anonymous_13)
FNDA:0,(anonymous_15)
FNDA:0,(anonymous_17)
FNDA:0,(anonymous_19)
FNDA:0,(anonymous_21)
DA:1,1
DA:5,1
DA:11,1
DA:12,1
DA:14,0
DA:31,0
DA:32,0
DA:35,0
DA:37,0
DA:40,0
DA:41,0
DA:45,0
DA:46,0
DA:51,0
DA:54,0
DA:56,0
DA:58,0
DA:60,0
DA:61,0
DA:70,0
DA:71,0
DA:73,0
DA:82,0
DA:83,0
DA:85,0
DA:86,0
DA:89,0
DA:91,0
DA:101,0
DA:108,0
DA:110,0
DA:111,0
DA:114,0
DA:118,0
DA:120,0
DA:124,0
DA:125,0
DA:128,0
DA:134,0
DA:136,0
DA:139,0
DA:140,0
DA:144,0
DA:147,0
LF:44
LH:4
BRDA:16,0,0,0
BRDA:16,0,1,0
BRDA:40,1,0,0
BRDA:45,2,0,0
BRDA:63,3,0,0
BRDA:63,3,1,0
BRDA:75,4,0,0
BRDA:75,4,1,0
BRDA:85,5,0,0
BRDA:93,6,0,0
BRDA:93,6,1,0
BRDA:110,7,0,0
BRDA:124,8,0,0
BRDA:139,9,0,0
BRDA:149,10,0,0
BRDA:149,10,1,0
BRF:16
BRH:0
end_of_record
TN:
SF:src\services\localizacao.service.ts
FN:6,(anonymous_7)
FN:23,(anonymous_9)
FN:32,(anonymous_11)
FN:41,(anonymous_13)
FN:50,(anonymous_15)
FN:57,(anonymous_17)
FNF:6
FNH:1
FNDA:1,(anonymous_7)
FNDA:0,(anonymous_9)
FNDA:0,(anonymous_11)
FNDA:0,(anonymous_13)
FNDA:0,(anonymous_15)
FNDA:0,(anonymous_17)
DA:1,1
DA:4,1
DA:11,1
DA:18,1
DA:24,0
DA:25,0
DA:27,0
DA:33,0
DA:34,0
DA:36,0
DA:42,0
DA:43,0
DA:45,0
DA:51,0
DA:52,0
DA:54,0
DA:58,0
DA:59,0
DA:60,0
DA:62,0
LF:20
LH:4
BRDA:27,0,0,0
BRDA:27,0,1,0
BRDA:36,1,0,0
BRDA:36,1,1,0
BRDA:45,2,0,0
BRDA:45,2,1,0
BRDA:54,3,0,0
BRDA:54,3,1,0
BRDA:60,4,0,0
BRDA:60,4,1,0
BRDA:60,5,0,0
BRDA:60,5,1,0
BRDA:62,6,0,0
BRDA:62,6,1,0
BRF:14
BRH:0
end_of_record
TN:
SF:src\services\promotor.service.ts
FN:8,(anonymous_7)
FN:15,(anonymous_9)
FN:27,(anonymous_11)
FN:36,(anonymous_13)
FN:44,(anonymous_15)
FN:53,(anonymous_17)
FN:62,(anonymous_19)
FNF:7
FNH:3
FNDA:1,(anonymous_7)
FNDA:1,(anonymous_9)
FNDA:1,(anonymous_11)
FNDA:0,(anonymous_13)
FNDA:0,(anonymous_15)
FNDA:0,(anonymous_17)
FNDA:0,(anonymous_19)
DA:1,1
DA:6,1
DA:9,1
DA:10,1
DA:12,0
DA:16,1
DA:17,1
DA:19,0
DA:28,1
DA:29,1
DA:31,0
DA:37,0
DA:38,0
DA:40,0
DA:45,0
DA:46,0
DA:48,0
DA:54,0
DA:55,0
DA:57,0
DA:63,0
DA:64,0
DA:66,0
LF:23
LH:8
BRDA:12,0,0,0
BRDA:12,0,1,0
BRDA:31,1,0,0
BRDA:31,1,1,0
BRDA:40,2,0,0
BRDA:40,2,1,0
BRDA:48,3,0,0
BRDA:48,3,1,0
BRDA:57,4,0,0
BRDA:57,4,1,0
BRDA:66,5,0,0
BRDA:66,5,1,0
BRF:12
BRH:0
end_of_record
TN:
SF:src\services\supervisor.service.ts
FN:7,(anonymous_7)
FN:16,(anonymous_9)
FN:25,(anonymous_11)
FN:34,(anonymous_13)
FN:43,(anonymous_15)
FN:51,(anonymous_17)
FNF:6
FNH:2
FNDA:1,(anonymous_7)
FNDA:0,(anonymous_9)
FNDA:0,(anonymous_11)
FNDA:0,(anonymous_13)
FNDA:0,(anonymous_15)
FNDA:1,(anonymous_17)
DA:1,1
DA:6,1
DA:8,1
DA:9,1
DA:11,0
DA:12,0
DA:17,0
DA:18,0
DA:20,0
DA:21,0
DA:26,0
DA:27,0
DA:29,0
DA:30,0
DA:35,0
DA:36,0
DA:38,0
DA:39,0
DA:44,0
DA:45,0
DA:47,0
DA:48,0
DA:52,1
DA:53,1
DA:55,0
DA:56,0
LF:26
LH:6
BRDA:11,0,0,0
BRDA:11,0,1,0
BRDA:20,1,0,0
BRDA:20,1,1,0
BRDA:29,2,0,0
BRDA:29,2,1,0
BRDA:38,3,0,0
BRDA:38,3,1,0
BRDA:47,4,0,0
BRDA:47,4,1,0
BRDA:55,5,0,0
BRDA:55,5,1,0
BRF:12
BRH:0
end_of_record
TN:
SF:src\test-utils\mockExpress.ts
FN:4,(anonymous_0)
FN:15,(anonymous_1)
FNF:2
FNH:2
FNDA:8,(anonymous_0)
FNDA:8,(anonymous_1)
DA:4,6
DA:5,8
DA:15,6
DA:16,8
DA:18,8
DA:19,8
DA:20,8
DA:22,8
LF:8
LH:8
BRDA:4,0,0,3
BRDA:6,1,0,8
BRDA:6,1,1,4
BRDA:7,2,0,8
BRDA:7,2,1,8
BRDA:8,3,0,8
BRDA:8,3,1,8
BRF:7
BRH:7
end_of_record
